Log file open, 09/01/19 17:19:32
LogWindows: Failed to load 'aqProf.dll' (GetLastError=126)
LogWindows: File 'aqProf.dll' does not exist
LogWindows: Failed to load 'VtuneApi.dll' (GetLastError=126)
LogWindows: File 'VtuneApi.dll' does not exist
LogWindows: Failed to load 'VtuneApi32e.dll' (GetLastError=126)
LogWindows: File 'VtuneApi32e.dll' does not exist
LogConsoleResponse: Display: Failed to find resolution value strings in scalability ini. Falling back to default.
LogInit: Display: Running engine for game: SolemnSilenceAlpha
LogPakFile: Registered encryption key '00000000000000000000000000000000': 0 pak files mounted, 0 remain pending
LogPlatformFile: Not using cached read wrapper
LogTaskGraph: Started task graph with 5 named threads and 35 total threads with 3 sets of task threads.
LogStats: Stats thread started at 0.408070
LogD3D11RHI: Loaded GFSDK_Aftermath_Lib.x64.dll
LogICUInternationalization: ICU TimeZone Detection - Raw Offset: +10:00, Platform Override: ''
LogPluginManager: Mounting plugin Paper2D
LogPluginManager: Mounting plugin AISupport
LogPluginManager: Mounting plugin LightPropagationVolume
LogPluginManager: Mounting plugin ActorLayerUtilities
LogPluginManager: Mounting plugin CLionSourceCodeAccess
LogPluginManager: Mounting plugin CodeLiteSourceCodeAccess
LogPluginManager: Mounting plugin GitSourceControl
LogPluginManager: Mounting plugin KDevelopSourceCodeAccess
LogPluginManager: Mounting plugin NullSourceCodeAccess
LogPluginManager: Mounting plugin PerforceSourceControl
LogPluginManager: Mounting plugin SubversionSourceControl
LogPluginManager: Mounting plugin UObjectPlugin
LogPluginManager: Mounting plugin VisualStudioCodeSourceCodeAccess
LogPluginManager: Mounting plugin VisualStudioSourceCodeAccess
LogPluginManager: Mounting plugin XCodeSourceCodeAccess
LogPluginManager: Mounting plugin AssetManagerEditor
LogPluginManager: Mounting plugin CryptoKeys
LogPluginManager: Mounting plugin DataValidation
LogPluginManager: Mounting plugin FacialAnimation
LogPluginManager: Mounting plugin GameplayTagsEditor
LogPluginManager: Mounting plugin MacGraphicsSwitching
LogPluginManager: Mounting plugin MeshEditor
LogPluginManager: Mounting plugin MobileLauncherProfileWizard
LogPluginManager: Mounting plugin PluginBrowser
LogPluginManager: Mounting plugin SpeedTreeImporter
LogPluginManager: Mounting plugin DatasmithContent
LogPluginManager: Mounting plugin VariantManagerContent
LogPluginManager: Mounting plugin AlembicImporter
LogPluginManager: Mounting plugin AppleImageUtils
LogPluginManager: Mounting plugin AppleVision
LogPluginManager: Mounting plugin BackChannel
LogPluginManager: Mounting plugin CharacterAI
LogPluginManager: Mounting plugin GeometryCache
LogPluginManager: Mounting plugin HTML5Networking
LogPluginManager: Mounting plugin ProxyLODPlugin
LogPluginManager: Mounting plugin MagicLeap
LogPluginManager: Mounting plugin MagicLeapMedia
LogPluginManager: Mounting plugin AndroidMedia
LogPluginManager: Mounting plugin AvfMedia
LogPluginManager: Mounting plugin ImgMedia
LogPluginManager: Mounting plugin LinearTimecode
LogPluginManager: Mounting plugin MediaCompositing
LogPluginManager: Mounting plugin MediaPlayerEditor
LogPluginManager: Mounting plugin WebMMedia
LogPluginManager: Mounting plugin WmfMedia
LogPluginManager: Mounting plugin TcpMessaging
LogPluginManager: Mounting plugin UdpMessaging
LogPluginManager: Mounting plugin ActorSequence
LogPluginManager: Mounting plugin LevelSequenceEditor
LogPluginManager: Mounting plugin MatineeToLevelSequence
LogPluginManager: Mounting plugin NetcodeUnitTest
LogPluginManager: Mounting plugin NUTUnrealEngine4
LogPluginManager: Mounting plugin OnlineSubsystemGooglePlay
LogPluginManager: Mounting plugin OnlineSubsystemIOS
LogPluginManager: Mounting plugin OnlineSubsystem
LogPluginManager: Mounting plugin OnlineSubsystemNull
LogPluginManager: Mounting plugin OnlineSubsystemUtils
LogPluginManager: Mounting plugin LauncherChunkInstaller
LogPluginManager: Mounting plugin AndroidDeviceProfileSelector
LogPluginManager: Mounting plugin AndroidMoviePlayer
LogPluginManager: Mounting plugin AndroidPermission
LogPluginManager: Mounting plugin AppleMoviePlayer
LogPluginManager: Mounting plugin ArchVisCharacter
LogPluginManager: Mounting plugin AudioCapture
LogPluginManager: Mounting plugin CableComponent
LogPluginManager: Mounting plugin CustomMeshComponent
LogPluginManager: Mounting plugin EditableMesh
LogPluginManager: Mounting plugin ExampleDeviceProfileSelector
LogPluginManager: Mounting plugin Firebase
LogPluginManager: Mounting plugin GoogleCloudMessaging
LogPluginManager: Mounting plugin IOSDeviceProfileSelector
LogPluginManager: Mounting plugin LinuxDeviceProfileSelector
LogPluginManager: Mounting plugin LocationServicesBPLibrary
LogPluginManager: Mounting plugin MobilePatchingUtils
LogPluginManager: Mounting plugin OculusVR
LogPluginManager: Mounting plugin PhysXVehicles
LogPluginManager: Mounting plugin ProceduralMeshComponent
LogPluginManager: Mounting plugin RuntimePhysXCooking
LogPluginManager: Mounting plugin SteamVR
LogPluginManager: Mounting plugin WebMMoviePlayer
LogPluginManager: Mounting plugin WindowsMoviePlayer
LogStreaming: Display: Took  0.099s to configure plugins.
LogInit: Using libcurl 7.55.1-DEV
LogInit:  - built for x86_64-pc-win32
LogInit:  - supports SSL with OpenSSL/1.0.2h
LogInit:  - supports HTTP deflate (compression) using libz 1.2.8
LogInit:  - other features:
LogInit:      CURL_VERSION_SSL
LogInit:      CURL_VERSION_LIBZ
LogInit:      CURL_VERSION_IPV6
LogInit:      CURL_VERSION_ASYNCHDNS
LogInit:      CURL_VERSION_LARGEFILE
LogInit:      CURL_VERSION_IDN
LogInit:  CurlRequestOptions (configurable via config and command line):
LogInit:  - bVerifyPeer = true  - Libcurl will verify peer certificate
LogInit:  - bUseHttpProxy = false  - Libcurl will NOT use HTTP proxy
LogInit:  - bDontReuseConnections = false  - Libcurl will reuse connections
LogInit:  - MaxHostConnections = 16  - Libcurl will limit the number of connections to a host
LogInit:  - LocalHostAddr = Default
LogInit:  - BufferSize = 65536
LogInit: WinSock: version 1.1 (2.2), MaxSocks=32767, MaxUdp=65467
LogInit: Build: ++UE4+Release-4.21-CL-4753647
LogInit: Engine Version: 4.21.2-4753647+++UE4+Release-4.21
LogInit: Compatible Engine Version: 4.21.0-4541578+++UE4+Release-4.21
LogInit: Net CL: 4541578
LogInit: OS: Windows 10 (), CPU: Intel(R) Core(TM) i7-8750H CPU @ 2.20GHz, GPU: Intel(R) UHD Graphics 630
LogInit: Compiled (64-bit): Jan 19 2019 02:07:31
LogInit: Compiled with Visual C++: 19.13.26129.00
LogInit: Build Configuration: Development
LogInit: Branch Name: ++UE4+Release-4.21
LogInit: Command Line: 
LogInit: Base Directory: C:/Program Files/Epic Games/UE_4.21/Engine/Binaries/Win64/
LogInit: Installed Engine Build: 1
LogDevObjectVersion: Number of dev versions registered: 22
LogDevObjectVersion:   Dev-Blueprints (B0D832E4-1F89-4F0D-ACCF-7EB736FD4AA2): 10
LogDevObjectVersion:   Dev-Build (E1C64328-A22C-4D53-A36C-8E866417BD8C): 0
LogDevObjectVersion:   Dev-Core (375EC13C-06E4-48FB-B500-84F0262A717E): 2
LogDevObjectVersion:   Dev-Editor (E4B068ED-F494-42E9-A231-DA0B2E46BB41): 26
LogDevObjectVersion:   Dev-Framework (CFFC743F-43B0-4480-9391-14DF171D2073): 34
LogDevObjectVersion:   Dev-Mobile (B02B49B5-BB20-44E9-A304-32B752E40360): 2
LogDevObjectVersion:   Dev-Networking (A4E4105C-59A1-49B5-A7C5-40C4547EDFEE): 0
LogDevObjectVersion:   Dev-Online (39C831C9-5AE6-47DC-9A44-9C173E1C8E7C): 0
LogDevObjectVersion:   Dev-Physics (78F01B33-EBEA-4F98-B9B4-84EACCB95AA2): 0
LogDevObjectVersion:   Dev-Platform (6631380F-2D4D-43E0-8009-CF276956A95A): 0
LogDevObjectVersion:   Dev-Rendering (12F88B9F-8875-4AFC-A67C-D90C383ABD29): 27
LogDevObjectVersion:   Dev-Sequencer (7B5AE74C-D270-4C10-A958-57980B212A5A): 9
LogDevObjectVersion:   Dev-VR (D7296918-1DD6-4BDD-9DE2-64A83CC13884): 2
LogDevObjectVersion:   Dev-LoadTimes (C2A15278-BFE7-4AFE-6C17-90FF531DF755): 1
LogDevObjectVersion:   Private-Geometry (6EACA3D4-40EC-4CC1-B786-8BED09428FC5): 3
LogDevObjectVersion:   Dev-AnimPhys (29E575DD-E0A3-4627-9D10-D276232CDCEA): 17
LogDevObjectVersion:   Dev-Anim (AF43A65D-7FD3-4947-9873-3E8ED9C1BB05): 2
LogDevObjectVersion:   Dev-ReflectionCapture (6B266CEC-1EC7-4B8F-A30B-E4D90942FC07): 1
LogDevObjectVersion:   Dev-Automation (0DF73D61-A23F-47EA-B727-89E90C41499A): 1
LogDevObjectVersion:   FortniteMain (601D1886-AC64-4F84-AA16-D3DE0DEAC7D6): 17
LogDevObjectVersion:   Dev-Enterprise (9DFFBCD6-494F-0158-E221-12823C92A888): 4
LogDevObjectVersion:   Dev-Niagara (F2AED0AC-9AFE-416F-8664-AA7FFA26D6FC): 1
LogStreaming: Display: Took  0.005s to delete old logs.
LogInit: Presizing for max 8388607 objects, including 0 objects not considered by GC, pre-allocating 0 bytes for permanent pool.
LogInit: Object subsystem initialized
LogConfig: Setting CVar [[con.DebugEarlyDefault:1]]
LogConfig: Setting CVar [[r.setres:1280x720]]
[2019.09.01-07.19.32:973][  0]LogConfig: Setting CVar [[r.VSync:0]]
[2019.09.01-07.19.32:973][  0]LogConfig: Setting CVar [[r.RHICmdBypass:0]]
[2019.09.01-07.19.32:973][  0]LogConfig: Applying CVar settings from Section [/Script/Engine.RendererSettings] File [C:/Users/Arshh Vinayak/Documents/GitHub/Solemn-Silence/SolemnSilenceAlpha/Saved/Config/Windows/Engine.ini]
[2019.09.01-07.19.32:973][  0]LogConfig: Setting CVar [[r.GPUCrashDebugging:0]]
[2019.09.01-07.19.32:973][  0]LogConfig: Applying CVar settings from Section [/Script/Engine.RendererOverrideSettings] File [C:/Users/Arshh Vinayak/Documents/GitHub/Solemn-Silence/SolemnSilenceAlpha/Saved/Config/Windows/Engine.ini]
[2019.09.01-07.19.32:973][  0]LogConfig: Applying CVar settings from Section [/Script/Engine.StreamingSettings] File [C:/Users/Arshh Vinayak/Documents/GitHub/Solemn-Silence/SolemnSilenceAlpha/Saved/Config/Windows/Engine.ini]
[2019.09.01-07.19.32:973][  0]LogConfig: Setting CVar [[s.MinBulkDataSizeForAsyncLoading:131072]]
[2019.09.01-07.19.32:973][  0]LogConfig: Setting CVar [[s.AsyncLoadingThreadEnabled:0]]
[2019.09.01-07.19.32:973][  0]LogConfig: Setting CVar [[s.EventDrivenLoaderEnabled:1]]
[2019.09.01-07.19.32:973][  0]LogConfig: Setting CVar [[s.WarnIfTimeLimitExceeded:0]]
[2019.09.01-07.19.32:973][  0]LogConfig: Setting CVar [[s.TimeLimitExceededMultiplier:1.5]]
[2019.09.01-07.19.32:973][  0]LogConfig: Setting CVar [[s.TimeLimitExceededMinTime:0.005]]
[2019.09.01-07.19.32:973][  0]LogConfig: Setting CVar [[s.UseBackgroundLevelStreaming:1]]
[2019.09.01-07.19.32:973][  0]LogConfig: Setting CVar [[s.PriorityAsyncLoadingExtraTime:15.0]]
[2019.09.01-07.19.32:973][  0]LogConfig: Setting CVar [[s.LevelStreamingActorsUpdateTimeLimit:5.0]]
[2019.09.01-07.19.32:973][  0]LogConfig: Setting CVar [[s.PriorityLevelStreamingActorsUpdateExtraTime:5.0]]
[2019.09.01-07.19.32:973][  0]LogConfig: Setting CVar [[s.LevelStreamingComponentsRegistrationGranularity:10]]
[2019.09.01-07.19.32:973][  0]LogConfig: Setting CVar [[s.UnregisterComponentsTimeLimit:1.0]]
[2019.09.01-07.19.32:973][  0]LogConfig: Setting CVar [[s.LevelStreamingComponentsUnregistrationGranularity:5]]
[2019.09.01-07.19.32:973][  0]LogConfig: Applying CVar settings from Section [/Script/Engine.GarbageCollectionSettings] File [C:/Users/Arshh Vinayak/Documents/GitHub/Solemn-Silence/SolemnSilenceAlpha/Saved/Config/Windows/Engine.ini]
[2019.09.01-07.19.32:973][  0]LogConfig: Setting CVar [[gc.MaxObjectsNotConsideredByGC:1]]
[2019.09.01-07.19.32:973][  0]LogConfig: Setting CVar [[gc.SizeOfPermanentObjectPool:0]]
[2019.09.01-07.19.32:973][  0]LogConfig: Setting CVar [[gc.FlushStreamingOnGC:0]]
[2019.09.01-07.19.32:973][  0]LogConfig: Setting CVar [[gc.NumRetriesBeforeForcingGC:10]]
[2019.09.01-07.19.32:973][  0]LogConfig: Setting CVar [[gc.AllowParallelGC:1]]
[2019.09.01-07.19.32:973][  0]LogConfig: Setting CVar [[gc.TimeBetweenPurgingPendingKillObjects:61.1]]
[2019.09.01-07.19.32:973][  0]LogConfig: Setting CVar [[gc.MaxObjectsInEditor:8388607]]
[2019.09.01-07.19.32:973][  0]LogConfig: Setting CVar [[gc.IncrementalBeginDestroyEnabled:1]]
[2019.09.01-07.19.32:973][  0]LogConfig: Setting CVar [[gc.CreateGCClusters:1]]
[2019.09.01-07.19.32:973][  0]LogConfig: Setting CVar [[gc.MergeGCClusters:0]]
[2019.09.01-07.19.32:973][  0]LogConfig: Setting CVar [[gc.MinGCClusterSize:5]]
[2019.09.01-07.19.32:973][  0]LogConfig: Setting CVar [[gc.ActorClusteringEnabled:0]]
[2019.09.01-07.19.32:973][  0]LogConfig: Setting CVar [[gc.BlueprintClusteringEnabled:0]]
[2019.09.01-07.19.32:973][  0]LogConfig: Setting CVar [[gc.UseDisregardForGCOnDedicatedServers:0]]
[2019.09.01-07.19.32:973][  0]LogConfig: Applying CVar settings from Section [/Script/Engine.NetworkSettings] File [C:/Users/Arshh Vinayak/Documents/GitHub/Solemn-Silence/SolemnSilenceAlpha/Saved/Config/Windows/Engine.ini]
[2019.09.01-07.19.32:973][  0]LogConfig: Applying CVar settings from Section [/Script/UnrealEd.CookerSettings] File [C:/Users/Arshh Vinayak/Documents/GitHub/Solemn-Silence/SolemnSilenceAlpha/Saved/Config/Windows/Engine.ini]
[2019.09.01-07.19.32:976][  0]LogConfig: Applying CVar settings from Section [ViewDistanceQuality@3] File [C:/Users/Arshh Vinayak/Documents/GitHub/Solemn-Silence/SolemnSilenceAlpha/Saved/Config/Windows/Scalability.ini]
[2019.09.01-07.19.32:976][  0]LogConfig: Setting CVar [[r.SkeletalMeshLODBias:0]]
[2019.09.01-07.19.32:976][  0]LogConfig: Setting CVar [[r.ViewDistanceScale:1.0]]
[2019.09.01-07.19.32:976][  0]LogConfig: Applying CVar settings from Section [AntiAliasingQuality@3] File [C:/Users/Arshh Vinayak/Documents/GitHub/Solemn-Silence/SolemnSilenceAlpha/Saved/Config/Windows/Scalability.ini]
[2019.09.01-07.19.32:976][  0]LogConfig: Setting CVar [[r.PostProcessAAQuality:4]]
[2019.09.01-07.19.32:976][  0]LogConfig: Applying CVar settings from Section [ShadowQuality@3] File [C:/Users/Arshh Vinayak/Documents/GitHub/Solemn-Silence/SolemnSilenceAlpha/Saved/Config/Windows/Scalability.ini]
[2019.09.01-07.19.32:976][  0]LogConfig: Setting CVar [[r.LightFunctionQuality:1]]
[2019.09.01-07.19.32:976][  0]LogConfig: Setting CVar [[r.ShadowQuality:5]]
[2019.09.01-07.19.32:976][  0]LogConfig: Setting CVar [[r.Shadow.CSM.MaxCascades:10]]
[2019.09.01-07.19.32:976][  0]LogConfig: Setting CVar [[r.Shadow.MaxResolution:2048]]
[2019.09.01-07.19.32:976][  0]LogConfig: Setting CVar [[r.Shadow.MaxCSMResolution:2048]]
[2019.09.01-07.19.32:976][  0]LogConfig: Setting CVar [[r.Shadow.RadiusThreshold:0.01]]
[2019.09.01-07.19.32:976][  0]LogConfig: Setting CVar [[r.Shadow.DistanceScale:1.0]]
[2019.09.01-07.19.32:976][  0]LogConfig: Setting CVar [[r.Shadow.CSM.TransitionScale:1.0]]
[2019.09.01-07.19.32:976][  0]LogConfig: Setting CVar [[r.Shadow.PreShadowResolutionFactor:1.0]]
[2019.09.01-07.19.32:976][  0]LogConfig: Setting CVar [[r.DistanceFieldShadowing:1]]
[2019.09.01-07.19.32:976][  0]LogConfig: Setting CVar [[r.DistanceFieldAO:1]]
[2019.09.01-07.19.32:976][  0]LogConfig: Setting CVar [[r.AOQuality:2]]
[2019.09.01-07.19.32:976][  0]LogConfig: Setting CVar [[r.VolumetricFog:1]]
[2019.09.01-07.19.32:976][  0]LogConfig: Setting CVar [[r.VolumetricFog.GridPixelSize:8]]
[2019.09.01-07.19.32:976][  0]LogConfig: Setting CVar [[r.VolumetricFog.GridSizeZ:128]]
[2019.09.01-07.19.32:976][  0]LogConfig: Setting CVar [[r.VolumetricFog.HistoryMissSupersampleCount:4]]
[2019.09.01-07.19.32:976][  0]LogConfig: Setting CVar [[r.LightMaxDrawDistanceScale:1]]
[2019.09.01-07.19.32:976][  0]LogConfig: Setting CVar [[r.CapsuleShadows:1]]
[2019.09.01-07.19.32:976][  0]LogConfig: Applying CVar settings from Section [PostProcessQuality@3] File [C:/Users/Arshh Vinayak/Documents/GitHub/Solemn-Silence/SolemnSilenceAlpha/Saved/Config/Windows/Scalability.ini]
[2019.09.01-07.19.32:976][  0]LogConfig: Setting CVar [[r.MotionBlurQuality:4]]
[2019.09.01-07.19.32:976][  0]LogConfig: Setting CVar [[r.AmbientOcclusionMipLevelFactor:0.4]]
[2019.09.01-07.19.32:976][  0]LogConfig: Setting CVar [[r.AmbientOcclusionMaxQuality:100]]
[2019.09.01-07.19.32:976][  0]LogConfig: Setting CVar [[r.AmbientOcclusionLevels:-1]]
[2019.09.01-07.19.32:976][  0]LogConfig: Setting CVar [[r.AmbientOcclusionRadiusScale:1.0]]
[2019.09.01-07.19.32:976][  0]LogConfig: Setting CVar [[r.DepthOfFieldQuality:2]]
[2019.09.01-07.19.32:976][  0]LogConfig: Setting CVar [[r.RenderTargetPoolMin:400]]
[2019.09.01-07.19.32:976][  0]LogConfig: Setting CVar [[r.LensFlareQuality:2]]
[2019.09.01-07.19.32:976][  0]LogConfig: Setting CVar [[r.SceneColorFringeQuality:1]]
[2019.09.01-07.19.32:976][  0]LogConfig: Setting CVar [[r.EyeAdaptationQuality:2]]
[2019.09.01-07.19.32:976][  0]LogConfig: Setting CVar [[r.BloomQuality:5]]
[2019.09.01-07.19.32:976][  0]LogConfig: Setting CVar [[r.FastBlurThreshold:100]]
[2019.09.01-07.19.32:976][  0]LogConfig: Setting CVar [[r.Upscale.Quality:3]]
[2019.09.01-07.19.32:976][  0]LogConfig: Setting CVar [[r.Tonemapper.GrainQuantization:1]]
[2019.09.01-07.19.32:976][  0]LogConfig: Setting CVar [[r.LightShaftQuality:1]]
[2019.09.01-07.19.32:976][  0]LogConfig: Setting CVar [[r.Filter.SizeScale:1]]
[2019.09.01-07.19.32:976][  0]LogConfig: Setting CVar [[r.Tonemapper.Quality:5]]
[2019.09.01-07.19.32:976][  0]LogConfig: Setting CVar [[r.DOF.Gather.AccumulatorQuality:1        ; higher gathering accumulator quality]]
[2019.09.01-07.19.32:976][  0]LogConfig: Setting CVar [[r.DOF.Gather.PostfilterMethod:1          ; Median3x3 postfilering method]]
[2019.09.01-07.19.32:976][  0]LogConfig: Setting CVar [[r.DOF.Gather.EnableBokehSettings:0       ; no bokeh simulation when gathering]]
[2019.09.01-07.19.32:976][  0]LogConfig: Setting CVar [[r.DOF.Gather.RingCount:4                 ; medium number of samples when gathering]]
[2019.09.01-07.19.32:976][  0]LogConfig: Setting CVar [[r.DOF.Scatter.ForegroundCompositing:1    ; additive foreground scattering]]
[2019.09.01-07.19.32:976][  0]LogConfig: Setting CVar [[r.DOF.Scatter.BackgroundCompositing:2    ; additive background scattering]]
[2019.09.01-07.19.32:976][  0]LogConfig: Setting CVar [[r.DOF.Scatter.EnableBokehSettings:1      ; bokeh simulation when scattering]]
[2019.09.01-07.19.32:976][  0]LogConfig: Setting CVar [[r.DOF.Scatter.MaxSpriteRatio:0.1         ; only a maximum of 10% of scattered bokeh]]
[2019.09.01-07.19.32:976][  0]LogConfig: Setting CVar [[r.DOF.Recombine.Quality:1                ; cheap slight out of focus]]
[2019.09.01-07.19.32:976][  0]LogConfig: Setting CVar [[r.DOF.Recombine.EnableBokehSettings:0    ; no bokeh simulation on slight out of focus]]
[2019.09.01-07.19.32:976][  0]LogConfig: Setting CVar [[r.DOF.TemporalAAQuality:1                ; more stable temporal accumulation]]
[2019.09.01-07.19.32:976][  0]LogConfig: Setting CVar [[r.DOF.Kernel.MaxForegroundRadius:0.025]]
[2019.09.01-07.19.32:976][  0]LogConfig: Setting CVar [[r.DOF.Kernel.MaxBackgroundRadius:0.025]]
[2019.09.01-07.19.32:976][  0]LogConfig: Applying CVar settings from Section [TextureQuality@3] File [C:/Users/Arshh Vinayak/Documents/GitHub/Solemn-Silence/SolemnSilenceAlpha/Saved/Config/Windows/Scalability.ini]
[2019.09.01-07.19.32:976][  0]LogConfig: Setting CVar [[r.Streaming.MipBias:0]]
[2019.09.01-07.19.32:976][  0]LogConfig: Setting CVar [[r.Streaming.AmortizeCPUToGPUCopy:0]]
[2019.09.01-07.19.32:976][  0]LogConfig: Setting CVar [[r.Streaming.MaxNumTexturesToStreamPerFrame:0]]
[2019.09.01-07.19.32:976][  0]LogConfig: Setting CVar [[r.Streaming.Boost:1]]
[2019.09.01-07.19.32:976][  0]LogConfig: Setting CVar [[r.MaxAnisotropy:8]]
[2019.09.01-07.19.32:976][  0]LogConfig: Setting CVar [[r.Streaming.LimitPoolSizeToVRAM:0]]
[2019.09.01-07.19.32:976][  0]LogConfig: Setting CVar [[r.Streaming.PoolSize:1000]]
[2019.09.01-07.19.32:976][  0]LogConfig: Setting CVar [[r.Streaming.MaxEffectiveScreenSize:0]]
[2019.09.01-07.19.32:976][  0]LogConfig: Applying CVar settings from Section [EffectsQuality@3] File [C:/Users/Arshh Vinayak/Documents/GitHub/Solemn-Silence/SolemnSilenceAlpha/Saved/Config/Windows/Scalability.ini]
[2019.09.01-07.19.32:976][  0]LogConfig: Setting CVar [[r.TranslucencyLightingVolumeDim:64]]
[2019.09.01-07.19.32:976][  0]LogConfig: Setting CVar [[r.RefractionQuality:2]]
[2019.09.01-07.19.32:976][  0]LogConfig: Setting CVar [[r.SSR.Quality:3]]
[2019.09.01-07.19.32:976][  0]LogConfig: Setting CVar [[r.SceneColorFormat:4]]
[2019.09.01-07.19.32:976][  0]LogConfig: Setting CVar [[r.DetailMode:2]]
[2019.09.01-07.19.32:976][  0]LogConfig: Setting CVar [[r.TranslucencyVolumeBlur:1]]
[2019.09.01-07.19.32:976][  0]LogConfig: Setting CVar [[r.MaterialQualityLevel:1 ; High quality]]
[2019.09.01-07.19.32:976][  0]LogConfig: Setting CVar [[r.SSS.Scale:1]]
[2019.09.01-07.19.32:976][  0]LogConfig: Setting CVar [[r.SSS.SampleSet:2]]
[2019.09.01-07.19.32:976][  0]LogConfig: Setting CVar [[r.SSS.Quality:1]]
[2019.09.01-07.19.32:976][  0]LogConfig: Setting CVar [[r.SSS.HalfRes:1]]
[2019.09.01-07.19.32:976][  0]LogConfig: Setting CVar [[r.EmitterSpawnRateScale:1.0]]
[2019.09.01-07.19.32:977][  0]LogConfig: Setting CVar [[r.ParticleLightQuality:2]]
[2019.09.01-07.19.32:977][  0]LogConfig: Applying CVar settings from Section [FoliageQuality@3] File [C:/Users/Arshh Vinayak/Documents/GitHub/Solemn-Silence/SolemnSilenceAlpha/Saved/Config/Windows/Scalability.ini]
[2019.09.01-07.19.32:977][  0]LogConfig: Setting CVar [[foliage.DensityScale:1.0]]
[2019.09.01-07.19.32:977][  0]LogConfig: Setting CVar [[grass.DensityScale:1.0]]
[2019.09.01-07.19.32:977][  0]LogInit: Selected Device Profile: [Windows]
[2019.09.01-07.19.32:977][  0]LogInit: Applying CVar settings loaded from the selected device profile: [Windows]
[2019.09.01-07.19.32:988][  0]LogHAL: Display: Platform has ~ 8 GB [8401829888 / 8589934592 / 8], which maps to Default [LargestMinGB=32, LargerMinGB=12, DefaultMinGB=8, SmallerMinGB=6, SmallestMinGB=0)
[2019.09.01-07.19.32:988][  0]LogConfig: Setting CVar [[r.Vulkan.UseRealUBs:1]]
[2019.09.01-07.19.32:988][  0]LogInit: Going up to parent DeviceProfile []
[2019.09.01-07.19.32:988][  0]LogConfig: Applying CVar settings from Section [ViewDistanceQuality@3] File [C:/Users/Arshh Vinayak/Documents/GitHub/Solemn-Silence/SolemnSilenceAlpha/Saved/Config/Windows/Scalability.ini]
[2019.09.01-07.19.32:988][  0]LogConfig: Setting CVar [[r.SkeletalMeshLODBias:0]]
[2019.09.01-07.19.32:988][  0]LogConfig: Setting CVar [[r.ViewDistanceScale:1.0]]
[2019.09.01-07.19.32:988][  0]LogConfig: Applying CVar settings from Section [AntiAliasingQuality@3] File [C:/Users/Arshh Vinayak/Documents/GitHub/Solemn-Silence/SolemnSilenceAlpha/Saved/Config/Windows/Scalability.ini]
[2019.09.01-07.19.32:988][  0]LogConfig: Setting CVar [[r.PostProcessAAQuality:4]]
[2019.09.01-07.19.32:988][  0]LogConfig: Applying CVar settings from Section [ShadowQuality@3] File [C:/Users/Arshh Vinayak/Documents/GitHub/Solemn-Silence/SolemnSilenceAlpha/Saved/Config/Windows/Scalability.ini]
[2019.09.01-07.19.32:988][  0]LogConfig: Setting CVar [[r.LightFunctionQuality:1]]
[2019.09.01-07.19.32:988][  0]LogConfig: Setting CVar [[r.ShadowQuality:5]]
[2019.09.01-07.19.32:988][  0]LogConfig: Setting CVar [[r.Shadow.CSM.MaxCascades:10]]
[2019.09.01-07.19.32:988][  0]LogConfig: Setting CVar [[r.Shadow.MaxResolution:2048]]
[2019.09.01-07.19.32:988][  0]LogConfig: Setting CVar [[r.Shadow.MaxCSMResolution:2048]]
[2019.09.01-07.19.32:988][  0]LogConfig: Setting CVar [[r.Shadow.RadiusThreshold:0.01]]
[2019.09.01-07.19.32:988][  0]LogConfig: Setting CVar [[r.Shadow.DistanceScale:1.0]]
[2019.09.01-07.19.32:988][  0]LogConfig: Setting CVar [[r.Shadow.CSM.TransitionScale:1.0]]
[2019.09.01-07.19.32:988][  0]LogConfig: Setting CVar [[r.Shadow.PreShadowResolutionFactor:1.0]]
[2019.09.01-07.19.32:988][  0]LogConfig: Setting CVar [[r.DistanceFieldShadowing:1]]
[2019.09.01-07.19.32:988][  0]LogConfig: Setting CVar [[r.DistanceFieldAO:1]]
[2019.09.01-07.19.32:988][  0]LogConfig: Setting CVar [[r.AOQuality:2]]
[2019.09.01-07.19.32:988][  0]LogConfig: Setting CVar [[r.VolumetricFog:1]]
[2019.09.01-07.19.32:988][  0]LogConfig: Setting CVar [[r.VolumetricFog.GridPixelSize:8]]
[2019.09.01-07.19.32:988][  0]LogConfig: Setting CVar [[r.VolumetricFog.GridSizeZ:128]]
[2019.09.01-07.19.32:988][  0]LogConfig: Setting CVar [[r.VolumetricFog.HistoryMissSupersampleCount:4]]
[2019.09.01-07.19.32:988][  0]LogConfig: Setting CVar [[r.LightMaxDrawDistanceScale:1]]
[2019.09.01-07.19.32:988][  0]LogConfig: Setting CVar [[r.CapsuleShadows:1]]
[2019.09.01-07.19.32:988][  0]LogConfig: Applying CVar settings from Section [PostProcessQuality@3] File [C:/Users/Arshh Vinayak/Documents/GitHub/Solemn-Silence/SolemnSilenceAlpha/Saved/Config/Windows/Scalability.ini]
[2019.09.01-07.19.32:988][  0]LogConfig: Setting CVar [[r.MotionBlurQuality:4]]
[2019.09.01-07.19.32:988][  0]LogConfig: Setting CVar [[r.AmbientOcclusionMipLevelFactor:0.4]]
[2019.09.01-07.19.32:988][  0]LogConfig: Setting CVar [[r.AmbientOcclusionMaxQuality:100]]
[2019.09.01-07.19.32:988][  0]LogConfig: Setting CVar [[r.AmbientOcclusionLevels:-1]]
[2019.09.01-07.19.32:988][  0]LogConfig: Setting CVar [[r.AmbientOcclusionRadiusScale:1.0]]
[2019.09.01-07.19.32:988][  0]LogConfig: Setting CVar [[r.DepthOfFieldQuality:2]]
[2019.09.01-07.19.32:988][  0]LogConfig: Setting CVar [[r.RenderTargetPoolMin:400]]
[2019.09.01-07.19.32:988][  0]LogConfig: Setting CVar [[r.LensFlareQuality:2]]
[2019.09.01-07.19.32:988][  0]LogConfig: Setting CVar [[r.SceneColorFringeQuality:1]]
[2019.09.01-07.19.32:988][  0]LogConfig: Setting CVar [[r.EyeAdaptationQuality:2]]
[2019.09.01-07.19.32:988][  0]LogConfig: Setting CVar [[r.BloomQuality:5]]
[2019.09.01-07.19.32:988][  0]LogConfig: Setting CVar [[r.FastBlurThreshold:100]]
[2019.09.01-07.19.32:988][  0]LogConfig: Setting CVar [[r.Upscale.Quality:3]]
[2019.09.01-07.19.32:988][  0]LogConfig: Setting CVar [[r.Tonemapper.GrainQuantization:1]]
[2019.09.01-07.19.32:988][  0]LogConfig: Setting CVar [[r.LightShaftQuality:1]]
[2019.09.01-07.19.32:988][  0]LogConfig: Setting CVar [[r.Filter.SizeScale:1]]
[2019.09.01-07.19.32:988][  0]LogConfig: Setting CVar [[r.Tonemapper.Quality:5]]
[2019.09.01-07.19.32:988][  0]LogConfig: Setting CVar [[r.DOF.Gather.AccumulatorQuality:1        ; higher gathering accumulator quality]]
[2019.09.01-07.19.32:988][  0]LogConfig: Setting CVar [[r.DOF.Gather.PostfilterMethod:1          ; Median3x3 postfilering method]]
[2019.09.01-07.19.32:989][  0]LogConfig: Setting CVar [[r.DOF.Gather.EnableBokehSettings:0       ; no bokeh simulation when gathering]]
[2019.09.01-07.19.32:989][  0]LogConfig: Setting CVar [[r.DOF.Gather.RingCount:4                 ; medium number of samples when gathering]]
[2019.09.01-07.19.32:989][  0]LogConfig: Setting CVar [[r.DOF.Scatter.ForegroundCompositing:1    ; additive foreground scattering]]
[2019.09.01-07.19.32:989][  0]LogConfig: Setting CVar [[r.DOF.Scatter.BackgroundCompositing:2    ; additive background scattering]]
[2019.09.01-07.19.32:989][  0]LogConfig: Setting CVar [[r.DOF.Scatter.EnableBokehSettings:1      ; bokeh simulation when scattering]]
[2019.09.01-07.19.32:989][  0]LogConfig: Setting CVar [[r.DOF.Scatter.MaxSpriteRatio:0.1         ; only a maximum of 10% of scattered bokeh]]
[2019.09.01-07.19.32:989][  0]LogConfig: Setting CVar [[r.DOF.Recombine.Quality:1                ; cheap slight out of focus]]
[2019.09.01-07.19.32:989][  0]LogConfig: Setting CVar [[r.DOF.Recombine.EnableBokehSettings:0    ; no bokeh simulation on slight out of focus]]
[2019.09.01-07.19.32:989][  0]LogConfig: Setting CVar [[r.DOF.TemporalAAQuality:1                ; more stable temporal accumulation]]
[2019.09.01-07.19.32:989][  0]LogConfig: Setting CVar [[r.DOF.Kernel.MaxForegroundRadius:0.025]]
[2019.09.01-07.19.32:989][  0]LogConfig: Setting CVar [[r.DOF.Kernel.MaxBackgroundRadius:0.025]]
[2019.09.01-07.19.32:989][  0]LogConfig: Applying CVar settings from Section [TextureQuality@3] File [C:/Users/Arshh Vinayak/Documents/GitHub/Solemn-Silence/SolemnSilenceAlpha/Saved/Config/Windows/Scalability.ini]
[2019.09.01-07.19.32:989][  0]LogConfig: Setting CVar [[r.Streaming.MipBias:0]]
[2019.09.01-07.19.32:989][  0]LogConfig: Setting CVar [[r.Streaming.AmortizeCPUToGPUCopy:0]]
[2019.09.01-07.19.32:989][  0]LogConfig: Setting CVar [[r.Streaming.MaxNumTexturesToStreamPerFrame:0]]
[2019.09.01-07.19.32:989][  0]LogConfig: Setting CVar [[r.Streaming.Boost:1]]
[2019.09.01-07.19.32:989][  0]LogConfig: Setting CVar [[r.MaxAnisotropy:8]]
[2019.09.01-07.19.32:989][  0]LogConfig: Setting CVar [[r.Streaming.LimitPoolSizeToVRAM:0]]
[2019.09.01-07.19.32:989][  0]LogConfig: Setting CVar [[r.Streaming.PoolSize:1000]]
[2019.09.01-07.19.32:989][  0]LogConfig: Setting CVar [[r.Streaming.MaxEffectiveScreenSize:0]]
[2019.09.01-07.19.32:989][  0]LogConfig: Applying CVar settings from Section [EffectsQuality@3] File [C:/Users/Arshh Vinayak/Documents/GitHub/Solemn-Silence/SolemnSilenceAlpha/Saved/Config/Windows/Scalability.ini]
[2019.09.01-07.19.32:989][  0]LogConfig: Setting CVar [[r.TranslucencyLightingVolumeDim:64]]
[2019.09.01-07.19.32:989][  0]LogConfig: Setting CVar [[r.RefractionQuality:2]]
[2019.09.01-07.19.32:989][  0]LogConfig: Setting CVar [[r.SSR.Quality:3]]
[2019.09.01-07.19.32:989][  0]LogConfig: Setting CVar [[r.SceneColorFormat:4]]
[2019.09.01-07.19.32:989][  0]LogConfig: Setting CVar [[r.DetailMode:2]]
[2019.09.01-07.19.32:989][  0]LogConfig: Setting CVar [[r.TranslucencyVolumeBlur:1]]
[2019.09.01-07.19.32:989][  0]LogConfig: Setting CVar [[r.MaterialQualityLevel:1 ; High quality]]
[2019.09.01-07.19.32:989][  0]LogConfig: Setting CVar [[r.SSS.Scale:1]]
[2019.09.01-07.19.32:989][  0]LogConfig: Setting CVar [[r.SSS.SampleSet:2]]
[2019.09.01-07.19.32:989][  0]LogConfig: Setting CVar [[r.SSS.Quality:1]]
[2019.09.01-07.19.32:989][  0]LogConfig: Setting CVar [[r.SSS.HalfRes:1]]
[2019.09.01-07.19.32:989][  0]LogConfig: Setting CVar [[r.EmitterSpawnRateScale:1.0]]
[2019.09.01-07.19.32:989][  0]LogConfig: Setting CVar [[r.ParticleLightQuality:2]]
[2019.09.01-07.19.32:989][  0]LogConfig: Applying CVar settings from Section [FoliageQuality@3] File [C:/Users/Arshh Vinayak/Documents/GitHub/Solemn-Silence/SolemnSilenceAlpha/Saved/Config/Windows/Scalability.ini]
[2019.09.01-07.19.32:989][  0]LogConfig: Setting CVar [[foliage.DensityScale:1.0]]
[2019.09.01-07.19.32:989][  0]LogConfig: Setting CVar [[grass.DensityScale:1.0]]
[2019.09.01-07.19.32:989][  0]LogConfig: Applying CVar settings from Section [Startup] File [../../../Engine/Config/ConsoleVariables.ini]
[2019.09.01-07.19.32:989][  0]LogConfig: Setting CVar [[net.UseAdaptiveNetUpdateFrequency:0]]
[2019.09.01-07.19.32:989][  0]LogConfig: Applying CVar settings from Section [ConsoleVariables] File [C:/Users/Arshh Vinayak/Documents/GitHub/Solemn-Silence/SolemnSilenceAlpha/Saved/Config/Windows/Engine.ini]
[2019.09.01-07.19.32:989][  0]LogInit: Computer: DESKTOP-JT5JLEC
[2019.09.01-07.19.32:989][  0]LogInit: User: ArshhVinayak
[2019.09.01-07.19.32:989][  0]LogInit: CPU Page size=4096, Cores=6
[2019.09.01-07.19.32:989][  0]LogInit: High frequency timer resolution =2.156248 MHz
[2019.09.01-07.19.32:990][  0]LogMemory: Memory total: Physical=7.8GB (8GB approx)
[2019.09.01-07.19.32:990][  0]LogMemory: Platform Memory Stats for Windows
[2019.09.01-07.19.32:990][  0]LogMemory: Process Physical Memory: 103.95 MB used, 103.95 MB peak
[2019.09.01-07.19.32:990][  0]LogMemory: Process Virtual Memory: 86.85 MB used, 86.85 MB peak
[2019.09.01-07.19.32:990][  0]LogMemory: Physical Memory: 5531.73 MB used,  2480.88 MB free, 8012.61 MB total
[2019.09.01-07.19.32:990][  0]LogMemory: Virtual Memory: 4665.24 MB used,  134213064.00 MB free, 134217728.00 MB total
[2019.09.01-07.19.33:015][  0]LogInit: Using OS detected language (en-US).
[2019.09.01-07.19.33:015][  0]LogInit: Using OS detected locale (en-US).
[2019.09.01-07.19.33:017][  0]LogTextLocalizationManager: No specific localization for 'en-US' exists, so the 'en' localization will be used.
[2019.09.01-07.19.33:347][  0]LogStreaming: Display: Took  0.332s to InitEngineTextLocalization.
[2019.09.01-07.19.33:348][  0]LogInit: Setting process to per monitor DPI aware
[2019.09.01-07.19.33:385][  0]LogSlate: New Slate User Created.  User Index 0, Is Virtual User: 0
[2019.09.01-07.19.33:385][  0]LogSlate: Slate User Registered.  User Index 0, Is Virtual User: 0
[2019.09.01-07.19.33:778][  0]LogHMD: Failed to initialize OpenVR with code 110
[2019.09.01-07.19.33:778][  0]LogD3D11RHI: D3D11 adapters:
[2019.09.01-07.19.34:757][  0]LogD3D11RHI:    0. 'NVIDIA GeForce GTX 1050 Ti' (Feature Level 11_0)
[2019.09.01-07.19.34:757][  0]LogD3D11RHI:       4018/0/4006 MB DedicatedVideo/DedicatedSystem/SharedSystem, Outputs:1, VendorId:0x10de
[2019.09.01-07.19.34:776][  0]LogD3D11RHI:    1. 'Intel(R) UHD Graphics 630' (Feature Level 11_0)
[2019.09.01-07.19.34:776][  0]LogD3D11RHI:       128/0/4006 MB DedicatedVideo/DedicatedSystem/SharedSystem, Outputs:0, VendorId:0x8086
[2019.09.01-07.19.34:778][  0]LogD3D11RHI:    2. 'Microsoft Basic Render Driver' (Feature Level 11_0)
[2019.09.01-07.19.34:778][  0]LogD3D11RHI:       0/0/4006 MB DedicatedVideo/DedicatedSystem/SharedSystem, Outputs:0, VendorId:0x1414
[2019.09.01-07.19.34:778][  0]LogD3D11RHI: Chosen D3D11 Adapter: 0
[2019.09.01-07.19.34:803][  0]LogD3D11RHI: Creating new Direct3DDevice
[2019.09.01-07.19.34:803][  0]LogD3D11RHI:     GPU DeviceId: 0x1c8c (for the marketing name, search the web for "GPU Device Id")
[2019.09.01-07.19.34:803][  0]LogWindows: EnumDisplayDevices:
[2019.09.01-07.19.34:803][  0]LogWindows:    0. 'Intel(R) UHD Graphics 630' (P:1 D:1)
[2019.09.01-07.19.34:803][  0]LogWindows:    1. 'Intel(R) UHD Graphics 630' (P:0 D:0)
[2019.09.01-07.19.34:804][  0]LogWindows:    2. 'Intel(R) UHD Graphics 630' (P:0 D:0)
[2019.09.01-07.19.34:804][  0]LogWindows:    3. 'NVIDIA GeForce GTX 1050 Ti' (P:0 D:0)
[2019.09.01-07.19.34:804][  0]LogWindows:    4. 'NVIDIA GeForce GTX 1050 Ti' (P:0 D:0)
[2019.09.01-07.19.34:804][  0]LogWindows:    5. 'NVIDIA GeForce GTX 1050 Ti' (P:0 D:0)
[2019.09.01-07.19.34:804][  0]LogWindows:    6. 'NVIDIA GeForce GTX 1050 Ti' (P:0 D:0)
[2019.09.01-07.19.34:804][  0]LogWindows: DebugString: PrimaryIsNotTheChoosenAdapter PrimaryIsNotTheChoosenAdapter PrimaryIsNotTheChoosenAdapter FoundDriverCount:4 
[2019.09.01-07.19.34:804][  0]LogD3D11RHI:     Adapter Name: NVIDIA GeForce GTX 1050 Ti
[2019.09.01-07.19.34:804][  0]LogD3D11RHI:   Driver Version: 436.02 (internal:26.21.14.3602, unified:436.02)
[2019.09.01-07.19.34:804][  0]LogD3D11RHI:      Driver Date: 8-16-2019
[2019.09.01-07.19.34:804][  0]LogRHI: Texture pool is 2812 MB (70% of 4018 MB)
[2019.09.01-07.19.34:844][  0]LogD3D11RHI: Async texture creation enabled
[2019.09.01-07.19.34:867][  0]LogD3D11RHI: GPU Timing Frequency: 1000.000000 (Debug: 2 1)
[2019.09.01-07.19.35:163][  0]LogTemp: Display: Loaded TP AllDesktopTargetPlatform
[2019.09.01-07.19.35:176][  0]LogTemp: Display: Loaded TP MacClientTargetPlatform
[2019.09.01-07.19.35:189][  0]LogTemp: Display: Loaded TP MacNoEditorTargetPlatform
[2019.09.01-07.19.35:202][  0]LogTemp: Display: Loaded TP MacServerTargetPlatform
[2019.09.01-07.19.35:216][  0]LogTemp: Display: Loaded TP MacTargetPlatform
[2019.09.01-07.19.35:228][  0]LogTemp: Display: Loaded TP WindowsClientTargetPlatform
[2019.09.01-07.19.35:240][  0]LogTemp: Display: Loaded TP WindowsNoEditorTargetPlatform
[2019.09.01-07.19.35:252][  0]LogTemp: Display: Loaded TP WindowsServerTargetPlatform
[2019.09.01-07.19.35:258][  0]LogTemp: Display: Loaded TP WindowsTargetPlatform
[2019.09.01-07.19.35:320][  0]LogTemp: Display: Loaded TP AndroidTargetPlatform
[2019.09.01-07.19.35:320][  0]LogTemp: Display: Loaded TP AndroidTargetPlatform
[2019.09.01-07.19.35:320][  0]LogTemp: Display: Loaded TP AndroidTargetPlatform
[2019.09.01-07.19.35:320][  0]LogTemp: Display: Loaded TP AndroidTargetPlatform
[2019.09.01-07.19.35:320][  0]LogTemp: Display: Loaded TP AndroidTargetPlatform
[2019.09.01-07.19.35:320][  0]LogTemp: Display: Loaded TP AndroidTargetPlatform
[2019.09.01-07.19.35:320][  0]LogTemp: Display: Loaded TP AndroidTargetPlatform
[2019.09.01-07.19.35:320][  0]LogTemp: Display: Loaded TP AndroidTargetPlatform
[2019.09.01-07.19.35:320][  0]LogTemp: Display: Loaded TP AndroidTargetPlatform
[2019.09.01-07.19.35:320][  0]LogTemp: Display: Loaded TP AndroidTargetPlatform
[2019.09.01-07.19.35:320][  0]LogTemp: Display: Loaded TP AndroidTargetPlatform
[2019.09.01-07.19.35:320][  0]LogTemp: Display: Loaded TP AndroidTargetPlatform
[2019.09.01-07.19.35:320][  0]LogTemp: Display: Loaded TP AndroidTargetPlatform
[2019.09.01-07.19.35:320][  0]LogTemp: Display: Loaded TP AndroidTargetPlatform
[2019.09.01-07.19.35:320][  0]LogTemp: Display: Loaded TP AndroidTargetPlatform
[2019.09.01-07.19.35:320][  0]LogTemp: Display: Loaded TP AndroidTargetPlatform
[2019.09.01-07.19.35:320][  0]LogTemp: Display: Loaded TP AndroidTargetPlatform
[2019.09.01-07.19.35:320][  0]LogTemp: Display: Loaded TP AndroidTargetPlatform
[2019.09.01-07.19.35:322][  0]LogTemp: Display: Loaded TP HTML5TargetPlatform
[2019.09.01-07.19.35:382][  0]LogTemp: Display: Loaded TP IOSTargetPlatform
[2019.09.01-07.19.35:382][  0]LogTemp: Display: Loaded TP IOSTargetPlatform
[2019.09.01-07.19.35:428][  0]LogTemp: Display: Loaded TP TVOSTargetPlatform
[2019.09.01-07.19.35:428][  0]LogTemp: Display: Loaded TP TVOSTargetPlatform
[2019.09.01-07.19.35:438][  0]LogTemp: Display: Loaded TP LinuxClientTargetPlatform
[2019.09.01-07.19.35:449][  0]LogTemp: Display: Loaded TP LinuxNoEditorTargetPlatform
[2019.09.01-07.19.35:459][  0]LogTemp: Display: Loaded TP LinuxServerTargetPlatform
[2019.09.01-07.19.35:471][  0]LogTemp: Display: Loaded TP LinuxTargetPlatform
[2019.09.01-07.19.35:508][  0]LogTemp: Display: Loaded TP LuminTargetPlatform
[2019.09.01-07.19.35:508][  0]LogTemp: Display: Loaded TP LuminTargetPlatform
[2019.09.01-07.19.35:508][  0]LogTargetPlatformManager: Display: Building Assets For Windows
[2019.09.01-07.19.35:568][  0]LogShaderCompilers: Guid format shader working directory is -35 characters bigger than the processId version (../../../../../../Users/Arshh Vinayak/Documents/GitHub/Solemn-Silence/SolemnSilenceAlpha/Intermediate/Shaders/WorkingDirectory/13032/).
[2019.09.01-07.19.35:568][  0]LogShaderCompilers: Cleaned the shader compiler working directory 'C:/Users/Arshh Vinayak/AppData/Local/Temp/UnrealShaderWorkingDir/1AA98D8144210AAAB1772C87A14517E9/'.
[2019.09.01-07.19.35:571][  0]LogXGEController: Cleaning working directory: C:/Users/Arshh Vinayak/AppData/Local/Temp/UnrealXGEWorkingDir/
[2019.09.01-07.19.35:571][  0]LogXGEController: Cannot use XGE Controller as Incredibuild is not installed on this machine.
[2019.09.01-07.19.35:571][  0]LogShaderCompilers: Cannot use XGE Shader Compiler as Incredibuild is not installed on this machine.
[2019.09.01-07.19.35:571][  0]LogShaderCompilers: Display: Using Local Shader Compiler.
[2019.09.01-07.19.36:068][  0]LogDerivedDataCache: Display: Max Cache Size: 512 MB
[2019.09.01-07.19.36:129][  0]LogDerivedDataCache: Loaded boot cache 0.06s 71MB C:/Users/Arshh Vinayak/AppData/Local/UnrealEngine/4.21/DerivedDataCache/Boot.ddc.
[2019.09.01-07.19.36:129][  0]LogDerivedDataCache: Display: Loaded Boot cache: C:/Users/Arshh Vinayak/AppData/Local/UnrealEngine/4.21/DerivedDataCache/Boot.ddc
[2019.09.01-07.19.36:129][  0]LogDerivedDataCache: FDerivedDataBackendGraph:  Pak pak cache file ../../../../../../Users/Arshh Vinayak/Documents/GitHub/Solemn-Silence/SolemnSilenceAlpha/DerivedDataCache/DDC.ddp not found, will not use a pak cache.
[2019.09.01-07.19.36:129][  0]LogDerivedDataCache: Unable to find inner node Pak for hierarchical cache Hierarchy.
[2019.09.01-07.19.36:129][  0]LogDerivedDataCache: FDerivedDataBackendGraph:  CompressedPak pak cache file ../../../../../../Users/Arshh Vinayak/Documents/GitHub/Solemn-Silence/SolemnSilenceAlpha/DerivedDataCache/Compressed.ddp not found, will not use a pak cache.
[2019.09.01-07.19.36:129][  0]LogDerivedDataCache: Unable to find inner node CompressedPak for hierarchical cache Hierarchy.
[2019.09.01-07.19.36:143][  0]LogDerivedDataCache: Display: Pak cache opened for reading ../../../Engine/DerivedDataCache/Compressed.ddp.
[2019.09.01-07.19.36:143][  0]LogDerivedDataCache: FDerivedDataBackendGraph:  EnterprisePak pak cache file ../../../Enterprise/DerivedDataCache/Compressed.ddp not found, will not use a pak cache.
[2019.09.01-07.19.36:143][  0]LogDerivedDataCache: Unable to find inner node EnterprisePak for hierarchical cache Hierarchy.
[2019.09.01-07.19.36:155][  0]LogDerivedDataCache: Using Local data cache path C:/Users/Arshh Vinayak/AppData/Local/UnrealEngine/Common/DerivedDataCache: Writable
[2019.09.01-07.19.36:155][  0]LogDerivedDataCache: Shared data cache path not found in *engine.ini, will not use an Shared cache.
[2019.09.01-07.19.36:155][  0]LogDerivedDataCache: Unable to find inner node Shared for hierarchical cache Hierarchy.
[2019.09.01-07.19.36:174][  0]LogMaterial: Verifying Global Shaders for PCD3D_SM5
[2019.09.01-07.19.36:175][  0]LogSlate: Using FreeType 2.6.0
[2019.09.01-07.19.36:176][  0]LogSlate: SlateFontServices - WITH_FREETYPE: 1, WITH_HARFBUZZ: 1
[2019.09.01-07.19.36:277][  0]LogAssetRegistry: FAssetRegistry took 0.0319 seconds to start up
[2019.09.01-07.19.36:561][  0]LogInit: Selected Device Profile: [Windows]
[2019.09.01-07.19.36:694][  0]LogSimplygon: Simplygon DLL not present - disabling.
[2019.09.01-07.19.36:698][  0]LogMeshReduction: Using SimplygonSwarm for distributed automatic mesh merging
[2019.09.01-07.19.36:698][  0]LogMeshReduction: Using ProxyLODMeshReduction for automatic mesh merging
[2019.09.01-07.19.36:698][  0]LogMeshReduction: Using QuadricMeshReduction for automatic static mesh reduction
[2019.09.01-07.19.36:698][  0]LogMeshReduction: No automatic skeletal mesh reduction module available
[2019.09.01-07.19.36:714][  0]LogNetVersion: SolemnSilenceAlpha 1.0.0, NetCL: 4541578, EngineNetVer: 5, GameNetVer: 0 (Checksum: 2215738746)
[2019.09.01-07.19.37:251][  0]LogPackageLocalizationCache: Processed 11 localized package path(s) for 2 prioritized culture(s) in 0.090235 seconds
[2019.09.01-07.19.37:256][  0]LogUObjectArray: 39775 objects as part of root set at end of initial load.
[2019.09.01-07.19.37:256][  0]LogUObjectAllocator: 6914656 out of 0 bytes used by permanent object pool.
[2019.09.01-07.19.37:256][  0]LogUObjectArray: CloseDisregardForGC: 0/0 objects in disregard for GC pool
[2019.09.01-07.19.38:275][  0]LogTcpMessaging: Initializing TcpMessaging bridge
[2019.09.01-07.19.38:288][  0]LogUdpMessaging: Initializing bridge on interface 0.0.0.0:0 to multicast group 230.0.0.1:6666.
[2019.09.01-07.19.39:164][  0]SourceControl: Source control is disabled
[2019.09.01-07.19.39:165][  0]LogWindows: Warning: CreateProc failed: The system cannot find the file specified. (0x00000002)
[2019.09.01-07.19.39:165][  0]LogWindows: Warning: URL: C:/Program Files/Git/bin/git.exe version
[2019.09.01-07.19.39:165][  0]LogWindows: Warning: CreateProc failed: The system cannot find the file specified. (0x00000002)
[2019.09.01-07.19.39:165][  0]LogWindows: Warning: URL: C:/Program Files (x86)/Git/bin/git.exe version
[2019.09.01-07.19.39:165][  0]LogWindows: Warning: CreateProc failed: The system cannot find the file specified. (0x00000002)
[2019.09.01-07.19.39:165][  0]LogWindows: Warning: URL: C:\Users\Arshh Vinayak\AppData\Local/Programs/Git/cmd/git.exe version
[2019.09.01-07.19.39:165][  0]LogWindows: Warning: CreateProc failed: The system cannot find the file specified. (0x00000002)
[2019.09.01-07.19.39:165][  0]LogWindows: Warning: URL: C:/Program Files (x86)/SmartGit/git/bin/git.exe version
[2019.09.01-07.19.39:165][  0]LogWindows: Warning: CreateProc failed: The system cannot find the file specified. (0x00000002)
[2019.09.01-07.19.39:165][  0]LogWindows: Warning: URL: C:/Program Files (x86)/SmartGit/bin/git.exe version
[2019.09.01-07.19.39:166][  0]LogWindows: Warning: CreateProc failed: The system cannot find the file specified. (0x00000002)
[2019.09.01-07.19.39:166][  0]LogWindows: Warning: URL: C:\Users\Arshh Vinayak\AppData\Local/Atlassian/SourceTree/git_local/bin/git.exe version
[2019.09.01-07.19.39:166][  0]LogWindows: Warning: CreateProc failed: The system cannot find the file specified. (0x00000002)
[2019.09.01-07.19.39:166][  0]LogWindows: Warning: URL: C:/Program Files (x86)/fournova/Tower/vendor/Git/bin/git.exe version
[2019.09.01-07.19.39:168][  0]LogWindows: Warning: CreateProc failed: The system cannot find the file specified. (0x00000002)
[2019.09.01-07.19.39:168][  0]LogWindows: Warning: URL: C:/Program Files/Git/bin/git.exe version
[2019.09.01-07.19.39:168][  0]LogWindows: Warning: CreateProc failed: The system cannot find the file specified. (0x00000002)
[2019.09.01-07.19.39:168][  0]LogWindows: Warning: URL: C:/Program Files (x86)/Git/bin/git.exe version
[2019.09.01-07.19.39:168][  0]LogWindows: Warning: CreateProc failed: The system cannot find the file specified. (0x00000002)
[2019.09.01-07.19.39:168][  0]LogWindows: Warning: URL: C:\Users\Arshh Vinayak\AppData\Local/Programs/Git/cmd/git.exe version
[2019.09.01-07.19.39:168][  0]LogWindows: Warning: CreateProc failed: The system cannot find the file specified. (0x00000002)
[2019.09.01-07.19.39:168][  0]LogWindows: Warning: URL: C:/Program Files (x86)/SmartGit/git/bin/git.exe version
[2019.09.01-07.19.39:169][  0]LogWindows: Warning: CreateProc failed: The system cannot find the file specified. (0x00000002)
[2019.09.01-07.19.39:169][  0]LogWindows: Warning: URL: C:/Program Files (x86)/SmartGit/bin/git.exe version
[2019.09.01-07.19.39:169][  0]LogWindows: Warning: CreateProc failed: The system cannot find the file specified. (0x00000002)
[2019.09.01-07.19.39:169][  0]LogWindows: Warning: URL: C:\Users\Arshh Vinayak\AppData\Local/Atlassian/SourceTree/git_local/bin/git.exe version
[2019.09.01-07.19.39:169][  0]LogWindows: Warning: CreateProc failed: The system cannot find the file specified. (0x00000002)
[2019.09.01-07.19.39:169][  0]LogWindows: Warning: URL: C:/Program Files (x86)/fournova/Tower/vendor/Git/bin/git.exe version
[2019.09.01-07.19.39:170][  0]LogWindows: Warning: CreateProc failed: The system cannot find the file specified. (0x00000002)
[2019.09.01-07.19.39:170][  0]LogWindows: Warning: URL: C:/Program Files/Git/bin/git.exe version
[2019.09.01-07.19.39:170][  0]LogWindows: Warning: CreateProc failed: The system cannot find the file specified. (0x00000002)
[2019.09.01-07.19.39:170][  0]LogWindows: Warning: URL: C:/Program Files (x86)/Git/bin/git.exe version
[2019.09.01-07.19.39:171][  0]LogWindows: Warning: CreateProc failed: The system cannot find the file specified. (0x00000002)
[2019.09.01-07.19.39:171][  0]LogWindows: Warning: URL: C:\Users\Arshh Vinayak\AppData\Local/Programs/Git/cmd/git.exe version
[2019.09.01-07.19.39:171][  0]LogWindows: Warning: CreateProc failed: The system cannot find the file specified. (0x00000002)
[2019.09.01-07.19.39:171][  0]LogWindows: Warning: URL: C:/Program Files (x86)/SmartGit/git/bin/git.exe version
[2019.09.01-07.19.39:171][  0]LogWindows: Warning: CreateProc failed: The system cannot find the file specified. (0x00000002)
[2019.09.01-07.19.39:171][  0]LogWindows: Warning: URL: C:/Program Files (x86)/SmartGit/bin/git.exe version
[2019.09.01-07.19.39:171][  0]LogWindows: Warning: CreateProc failed: The system cannot find the file specified. (0x00000002)
[2019.09.01-07.19.39:171][  0]LogWindows: Warning: URL: C:\Users\Arshh Vinayak\AppData\Local/Atlassian/SourceTree/git_local/bin/git.exe version
[2019.09.01-07.19.39:171][  0]LogWindows: Warning: CreateProc failed: The system cannot find the file specified. (0x00000002)
[2019.09.01-07.19.39:171][  0]LogWindows: Warning: URL: C:/Program Files (x86)/fournova/Tower/vendor/Git/bin/git.exe version
[2019.09.01-07.19.39:373][  0]LogAndroidPermission: UAndroidPermissionCallbackProxy::GetInstance
[2019.09.01-07.19.39:441][  0]LogOcInput: OculusInput pre-init called
[2019.09.01-07.19.39:583][  0]LogEngine: Initializing Engine...
[2019.09.01-07.19.39:584][  0]LogHMD: Failed to initialize OpenVR with code 110
[2019.09.01-07.19.39:585][  0]LogStats: UGameplayTagsManager::ConstructGameplayTagTree: ImportINI prefixes -  0.000 s
[2019.09.01-07.19.39:585][  0]LogStats: UGameplayTagsManager::ConstructGameplayTagTree: Construct from data asset -  0.000 s
[2019.09.01-07.19.39:585][  0]LogStats: UGameplayTagsManager::ConstructGameplayTagTree: ImportINI -  0.000 s
[2019.09.01-07.19.39:585][  0]LogStats: UGameplayTagsManager::ConstructGameplayTagTree: GameplayTagTreeChangedEvent.Broadcast -  0.000 s
[2019.09.01-07.19.39:794][  0]LogInit: Initializing FReadOnlyCVARCache
[2019.09.01-07.19.39:808][  0]LogAIModule: Creating AISystem for world Untitled
[2019.09.01-07.19.39:873][  0]LogInit: XAudio2 using 'Speakers (Realtek(R) Audio)' : 2 channels at 44.1 kHz using 16 bits per sample (channel mask 0x3)
[2019.09.01-07.19.39:922][  0]LogInit: FAudioDevice initialized.
[2019.09.01-07.19.39:922][  0]LogNetVersion: Set ProjectVersion to 1.0.0.0. Version Checksum will be recalculated on next use.
[2019.09.01-07.19.40:166][  0]LogDerivedDataCache: Saved boot cache 0.24s 71MB C:/Users/Arshh Vinayak/AppData/Local/UnrealEngine/4.21/DerivedDataCache/Boot.ddc.
[2019.09.01-07.19.40:171][  0]LogInit: Texture streaming: Enabled
[2019.09.01-07.19.40:189][  0]LogEngineSessionManager: EngineSessionManager initialized
[2019.09.01-07.19.40:204][  0]LogInit: Transaction tracking system initialized
[2019.09.01-07.19.40:243][  0]BlueprintLog: New page: Editor Load
[2019.09.01-07.19.40:328][  0]LocalizationService: Localization service is disabled
[2019.09.01-07.19.40:727][  0]LogFileCache: Scanning file cache for directory 'C:/Users/Arshh Vinayak/Documents/GitHub/Solemn-Silence/SolemnSilenceAlpha/Content/' took 0.02s
[2019.09.01-07.19.40:727][  0]LogCook: Display: Max memory allowance for cook 16384mb min free memory 0mb
[2019.09.01-07.19.40:727][  0]LogCook: Display: Mobile HDR setting 1
[2019.09.01-07.19.40:727][  0]LogGameplayTags: Display: UGameplayTagsManager::DoneAddingNativeTags. DelegateIsBound: 0
[2019.09.01-07.19.40:727][  0]LogStats: UGameplayTagsManager::ConstructGameplayTagTree: ImportINI prefixes -  0.000 s
[2019.09.01-07.19.40:727][  0]LogStats: UGameplayTagsManager::ConstructGameplayTagTree: Construct from data asset -  0.000 s
[2019.09.01-07.19.40:728][  0]LogStats: UGameplayTagsManager::ConstructGameplayTagTree: ImportINI -  0.000 s
[2019.09.01-07.19.40:728][  0]LogStats: UGameplayTagsManager::ConstructGameplayTagTree: GameplayTagTreeChangedEvent.Broadcast -  0.000 s
[2019.09.01-07.19.40:862][  0]LogWindows: Warning: CreateProc failed: The system cannot find the file specified. (0x00000002)
[2019.09.01-07.19.40:862][  0]LogWindows: Warning: URL: C:/Program Files/Git/bin/git.exe version
[2019.09.01-07.19.40:862][  0]LogWindows: Warning: CreateProc failed: The system cannot find the file specified. (0x00000002)
[2019.09.01-07.19.40:862][  0]LogWindows: Warning: URL: C:/Program Files (x86)/Git/bin/git.exe version
[2019.09.01-07.19.40:862][  0]LogWindows: Warning: CreateProc failed: The system cannot find the file specified. (0x00000002)
[2019.09.01-07.19.40:862][  0]LogWindows: Warning: URL: C:\Users\Arshh Vinayak\AppData\Local/Programs/Git/cmd/git.exe version
[2019.09.01-07.19.40:862][  0]LogWindows: Warning: CreateProc failed: The system cannot find the file specified. (0x00000002)
[2019.09.01-07.19.40:862][  0]LogWindows: Warning: URL: C:/Program Files (x86)/SmartGit/git/bin/git.exe version
[2019.09.01-07.19.40:862][  0]LogWindows: Warning: CreateProc failed: The system cannot find the file specified. (0x00000002)
[2019.09.01-07.19.40:862][  0]LogWindows: Warning: URL: C:/Program Files (x86)/SmartGit/bin/git.exe version
[2019.09.01-07.19.40:862][  0]LogWindows: Warning: CreateProc failed: The system cannot find the file specified. (0x00000002)
[2019.09.01-07.19.40:862][  0]LogWindows: Warning: URL: C:\Users\Arshh Vinayak\AppData\Local/Atlassian/SourceTree/git_local/bin/git.exe version
[2019.09.01-07.19.40:863][  0]LogWindows: Warning: CreateProc failed: The system cannot find the file specified. (0x00000002)
[2019.09.01-07.19.40:863][  0]LogWindows: Warning: URL: C:/Program Files (x86)/fournova/Tower/vendor/Git/bin/git.exe version
[2019.09.01-07.19.40:863][  0]Cmd: MAP LOAD FILE="../../../../../../Users/Arshh Vinayak/Documents/GitHub/Solemn-Silence/SolemnSilenceAlpha/Content/ThirdPersonBP/Maps/ThirdPersonExampleMap.umap" TEMPLATE=0 SHOWPROGRESS=1 FEATURELEVEL=3
[2019.09.01-07.19.40:863][  0]LightingResults: New page: Lighting Build
[2019.09.01-07.19.40:866][  0]MapCheck: New page: Map Check
[2019.09.01-07.19.40:866][  0]LightingResults: New page: Lighting Build
[2019.09.01-07.19.41:702][  0]LogAIModule: Creating AISystem for world ThirdPersonExampleMap
[2019.09.01-07.19.41:708][  0]LogPhysics: Warning: PopulatePhysXGeometryAndTransform(Convex): ConvexElem has invalid transform
[2019.09.01-07.19.41:708][  0]LogPhysics: Warning: ForeachShape(Convex): ScaledElem[0] invalid
[2019.09.01-07.19.41:708][  0]LogPhysics: Warning: PopulatePhysXGeometryAndTransform(Convex): ConvexElem has invalid transform
[2019.09.01-07.19.41:708][  0]LogPhysics: Warning: ForeachShape(Convex): ScaledElem[0] invalid
[2019.09.01-07.19.41:708][  0]LogPhysics: Warning: PopulatePhysXGeometryAndTransform(Convex): ConvexElem has invalid transform
[2019.09.01-07.19.41:708][  0]LogPhysics: Warning: ForeachShape(Convex): ScaledElem[0] invalid
[2019.09.01-07.19.41:708][  0]LogPhysics: Warning: PopulatePhysXGeometryAndTransform(Convex): ConvexElem has invalid transform
[2019.09.01-07.19.41:708][  0]LogPhysics: Warning: ForeachShape(Convex): ScaledElem[0] invalid
[2019.09.01-07.19.41:708][  0]LogPhysics: Warning: PopulatePhysXGeometryAndTransform(Convex): ConvexElem has invalid transform
[2019.09.01-07.19.41:708][  0]LogPhysics: Warning: ForeachShape(Convex): ScaledElem[0] invalid
[2019.09.01-07.19.41:708][  0]LogPhysics: Warning: PopulatePhysXGeometryAndTransform(Convex): ConvexElem has invalid transform
[2019.09.01-07.19.41:708][  0]LogPhysics: Warning: ForeachShape(Convex): ScaledElem[0] invalid
[2019.09.01-07.19.41:708][  0]LogPhysics: Warning: PopulatePhysXGeometryAndTransform(Convex): ConvexElem has invalid transform
[2019.09.01-07.19.41:708][  0]LogPhysics: Warning: ForeachShape(Convex): ScaledElem[0] invalid
[2019.09.01-07.19.41:708][  0]LogPhysics: Warning: PopulatePhysXGeometryAndTransform(Convex): ConvexElem has invalid transform
[2019.09.01-07.19.41:708][  0]LogPhysics: Warning: ForeachShape(Convex): ScaledElem[0] invalid
[2019.09.01-07.19.41:708][  0]LogPhysics: Warning: PopulatePhysXGeometryAndTransform(Convex): ConvexElem has invalid transform
[2019.09.01-07.19.41:708][  0]LogPhysics: Warning: ForeachShape(Convex): ScaledElem[0] invalid
[2019.09.01-07.19.41:718][  0]LogEditorServer: Finished looking for orphan Actors (0.000 secs)
[2019.09.01-07.19.41:742][  0]Cmd: MAP CHECKDEP NOCLEARLOG
[2019.09.01-07.19.41:743][  0]MapCheck: Map check complete: 0 Error(s), 0 Warning(s), took 0.158ms to complete.
[2019.09.01-07.19.41:743][  0]LogFileHelpers: Loading map 'ThirdPersonExampleMap' took 0.880
[2019.09.01-07.19.41:838][  0]LogSlate: Updating window title bar state: overlay mode, drag disabled, window buttons hidden, title bar hidden
[2019.09.01-07.19.41:844][  0]LogSlate: Updating window title bar state: overlay mode, drag disabled, window buttons hidden, title bar hidden
[2019.09.01-07.19.41:851][  0]LogSlate: Updating window title bar state: overlay mode, drag disabled, window buttons hidden, title bar hidden
[2019.09.01-07.19.41:857][  0]LogSlate: Updating window title bar state: overlay mode, drag disabled, window buttons hidden, title bar hidden
[2019.09.01-07.19.41:865][  0]LogCollectionManager: Loaded 0 collections in 0.002061 seconds
[2019.09.01-07.19.41:907][  0]LogFileCache: Scanning file cache for directory 'C:/Users/Arshh Vinayak/Documents/GitHub/Solemn-Silence/SolemnSilenceAlpha/Saved/Collections/' took 0.01s
[2019.09.01-07.19.41:907][  0]LogFileCache: Scanning file cache for directory 'C:/Users/Arshh Vinayak/Documents/GitHub/Solemn-Silence/SolemnSilenceAlpha/Content/Developers/ArshhVinayak/Collections/' took 0.01s
[2019.09.01-07.19.41:907][  0]LogFileCache: Scanning file cache for directory 'C:/Users/Arshh Vinayak/Documents/GitHub/Solemn-Silence/SolemnSilenceAlpha/Content/Collections/' took 0.01s
[2019.09.01-07.19.41:907][  0]LogCollectionManager: Rebuilt the GUID cache for 0 collections in 0.000000 seconds
[2019.09.01-07.19.41:919][  0]LogContentBrowser: Native class hierarchy populated in 0.0111 seconds. Added 2651 classes and 620 folders.
[2019.09.01-07.19.41:928][  0]LogContentBrowser: Native class hierarchy updated for 'WidgetCarousel' in 0.0005 seconds. Added 0 classes and 0 folders.
[2019.09.01-07.19.41:931][  0]LogPakFile: Registered encryption key '00000000000000000000000000000000': 0 pak files mounted, 0 remain pending
[2019.09.01-07.19.41:932][  0]LogPakFile: Registered encryption key '00000000000000000000000000000000': 0 pak files mounted, 0 remain pending
[2019.09.01-07.19.41:933][  0]LogPakFile: Registered encryption key '00000000000000000000000000000000': 0 pak files mounted, 0 remain pending
[2019.09.01-07.19.41:934][  0]LogPakFile: Registered encryption key '00000000000000000000000000000000': 0 pak files mounted, 0 remain pending
[2019.09.01-07.19.41:935][  0]LogPakFile: Registered encryption key '00000000000000000000000000000000': 0 pak files mounted, 0 remain pending
[2019.09.01-07.19.41:936][  0]LogPakFile: Registered encryption key '00000000000000000000000000000000': 0 pak files mounted, 0 remain pending
[2019.09.01-07.19.41:936][  0]LogPakFile: Registered encryption key '00000000000000000000000000000000': 0 pak files mounted, 0 remain pending
[2019.09.01-07.19.41:937][  0]LogPakFile: Registered encryption key '00000000000000000000000000000000': 0 pak files mounted, 0 remain pending
[2019.09.01-07.19.41:938][  0]LogPakFile: Registered encryption key '00000000000000000000000000000000': 0 pak files mounted, 0 remain pending
[2019.09.01-07.19.41:939][  0]LogPakFile: Registered encryption key '00000000000000000000000000000000': 0 pak files mounted, 0 remain pending
[2019.09.01-07.19.41:940][  0]LogPakFile: Registered encryption key '00000000000000000000000000000000': 0 pak files mounted, 0 remain pending
[2019.09.01-07.19.41:940][  0]LogPakFile: Registered encryption key '00000000000000000000000000000000': 0 pak files mounted, 0 remain pending
[2019.09.01-07.19.41:941][  0]LogPakFile: Registered encryption key '00000000000000000000000000000000': 0 pak files mounted, 0 remain pending
[2019.09.01-07.19.41:942][  0]LogPakFile: Registered encryption key '00000000000000000000000000000000': 0 pak files mounted, 0 remain pending
[2019.09.01-07.19.41:943][  0]LogPakFile: Registered encryption key '00000000000000000000000000000000': 0 pak files mounted, 0 remain pending
[2019.09.01-07.19.41:944][  0]LogPakFile: Registered encryption key '00000000000000000000000000000000': 0 pak files mounted, 0 remain pending
[2019.09.01-07.19.41:945][  0]LogPakFile: Registered encryption key '00000000000000000000000000000000': 0 pak files mounted, 0 remain pending
[2019.09.01-07.19.41:946][  0]LogPakFile: Registered encryption key '00000000000000000000000000000000': 0 pak files mounted, 0 remain pending
[2019.09.01-07.19.41:947][  0]LogPakFile: Registered encryption key '00000000000000000000000000000000': 0 pak files mounted, 0 remain pending
[2019.09.01-07.19.41:947][  0]LogPakFile: Registered encryption key '00000000000000000000000000000000': 0 pak files mounted, 0 remain pending
[2019.09.01-07.19.41:948][  0]LogPakFile: Registered encryption key '00000000000000000000000000000000': 0 pak files mounted, 0 remain pending
[2019.09.01-07.19.41:949][  0]LogPakFile: Registered encryption key '00000000000000000000000000000000': 0 pak files mounted, 0 remain pending
[2019.09.01-07.19.41:950][  0]LogPakFile: Registered encryption key '00000000000000000000000000000000': 0 pak files mounted, 0 remain pending
[2019.09.01-07.19.41:951][  0]LogPakFile: Registered encryption key '00000000000000000000000000000000': 0 pak files mounted, 0 remain pending
[2019.09.01-07.19.41:952][  0]LogPakFile: Registered encryption key '00000000000000000000000000000000': 0 pak files mounted, 0 remain pending
[2019.09.01-07.19.41:953][  0]LogPakFile: Registered encryption key '00000000000000000000000000000000': 0 pak files mounted, 0 remain pending
[2019.09.01-07.19.42:023][  0]LogContentBrowser: Native class hierarchy updated for 'AddContentDialog' in 0.0003 seconds. Added 0 classes and 0 folders.
[2019.09.01-07.19.42:028][  0]LogContentBrowser: Native class hierarchy updated for 'SceneOutliner' in 0.0004 seconds. Added 1 classes and 2 folders.
[2019.09.01-07.19.42:110][  0]LogSlate: Took 0.000294 seconds to synchronously load lazily loaded font '../../../Engine/Content/Slate/Fonts/Roboto-Regular.ttf' (155K)
[2019.09.01-07.19.42:112][  0]LogSlate: Took 0.000264 seconds to synchronously load lazily loaded font '../../../Engine/Content/Slate/Fonts/Roboto-Bold.ttf' (160K)
[2019.09.01-07.19.42:116][  0]LogSlate: Took 0.000377 seconds to synchronously load lazily loaded font '../../../Engine/Content/Editor/Slate/Fonts/FontAwesome.ttf' (139K)
[2019.09.01-07.19.42:199][  0]LogRenderer: Reallocating scene render targets to support 964x436 Format 10 NumSamples 1 (Frame:1).
[2019.09.01-07.19.42:425][  0]LogContentBrowser: Native class hierarchy updated for 'HierarchicalLODOutliner' in 0.0003 seconds. Added 0 classes and 0 folders.
[2019.09.01-07.19.42:425][  0]LogLoad: (Engine Initialization) Total time: 12.32 seconds
[2019.09.01-07.19.42:425][  0]LogLoad: (Engine Initialization) Total Blueprint compile time: 0.00 seconds
[2019.09.01-07.19.42:445][  0]LogWindowsTextInputMethodSystem: Display: IME system now deactivated.
[2019.09.01-07.19.42:499][  0]LogContentStreaming: Texture pool size now 1000 MB
[2019.09.01-07.19.42:513][  0]LogSlate: Took 0.000224 seconds to synchronously load lazily loaded font '../../../Engine/Content/Slate/Fonts/Roboto-Light.ttf' (167K)
[2019.09.01-07.19.42:853][  2]LogAssetRegistry: Asset discovery search completed in 6.5986 seconds
[2019.09.01-07.19.42:855][  2]LogCollectionManager: Rebuilt the object cache for 0 collections in 0.000000 seconds (found 0 objects)
[2019.09.01-07.19.42:855][  2]LogCollectionManager: Fixed up redirectors for 0 collections in 0.000038 seconds (updated 0 objects)
[2019.09.01-07.19.55:138][732]LogEditorViewport: Clicking on Actor (LMB): ThirdPersonCharacter_C (ThirdPersonCharacter)
[2019.09.01-07.19.55:808][746]LogEditorViewport: Clicking on Actor (LMB): StaticMeshActor (Floor)
[2019.09.01-07.19.57:037][815]LogEditorViewport: Clicking on Actor (LMB): ThirdPersonCharacter_C (ThirdPersonCharacter)
[2019.09.01-07.19.58:221][880]Cmd: CAMERA ALIGN ACTIVEVIEWPORTONLY
[2019.09.01-07.20.01:707][ 89]LogSlate: FSceneViewport::OnFocusLost() reason 0
[2019.09.01-07.20.32:022][873]LogTemp: Repeating last play command: Simulate
[2019.09.01-07.20.32:036][873]LogBlueprintUserMessages: Early PlayInEditor Detection: Level '/Game/ThirdPersonBP/Maps/ThirdPersonExampleMap.ThirdPersonExampleMap:PersistentLevel' has LevelScriptBlueprint '/Game/ThirdPersonBP/Maps/ThirdPersonExampleMap.ThirdPersonExampleMap:PersistentLevel.ThirdPersonExampleMap' with GeneratedClass '/Game/ThirdPersonBP/Maps/ThirdPersonExampleMap.ThirdPersonExampleMap_C' with ClassGeneratedBy '/Game/ThirdPersonBP/Maps/ThirdPersonExampleMap.ThirdPersonExampleMap:PersistentLevel.ThirdPersonExampleMap'
[2019.09.01-07.20.32:037][873]LogPlayLevel: PlayLevel: No blueprints needed recompiling
[2019.09.01-07.20.32:037][873]PIE: New page: SIE session: ThirdPersonExampleMap (Sep 2, 2019, 3:20:32 AM)
[2019.09.01-07.20.32:049][873]LogPlayLevel: Creating play world package: /Game/ThirdPersonBP/Maps/UEDPIE_0_ThirdPersonExampleMap
[2019.09.01-07.20.32:075][873]LogPlayLevel: PIE: StaticDuplicateObject took: (0.025718s)
[2019.09.01-07.20.32:075][873]LogAIModule: Creating AISystem for world ThirdPersonExampleMap
[2019.09.01-07.20.32:076][873]LogPlayLevel: PIE: World Init took: (0.000628s)
[2019.09.01-07.20.32:076][873]LogPlayLevel: PIE: Created PIE world by copying editor world from /Game/ThirdPersonBP/Maps/ThirdPersonExampleMap.ThirdPersonExampleMap to /Game/ThirdPersonBP/Maps/UEDPIE_0_ThirdPersonExampleMap.ThirdPersonExampleMap (0.026667s)
[2019.09.01-07.20.32:140][873]LogInit: XAudio2 using 'Speakers (Realtek(R) Audio)' : 2 channels at 44.1 kHz using 16 bits per sample (channel mask 0x3)
[2019.09.01-07.20.32:158][873]LogInit: FAudioDevice initialized.
[2019.09.01-07.20.32:202][873]LogLoad: Game class is 'ThirdPersonGameMode_C'
[2019.09.01-07.20.32:205][873]LogPhysics: Warning: PopulatePhysXGeometryAndTransform(Convex): ConvexElem has invalid transform
[2019.09.01-07.20.32:205][873]LogPhysics: Warning: ForeachShape(Convex): ScaledElem[0] invalid
[2019.09.01-07.20.32:205][873]LogPhysics: Warning: PopulatePhysXGeometryAndTransform(Convex): ConvexElem has invalid transform
[2019.09.01-07.20.32:205][873]LogPhysics: Warning: ForeachShape(Convex): ScaledElem[0] invalid
[2019.09.01-07.20.32:205][873]LogPhysics: Warning: PopulatePhysXGeometryAndTransform(Convex): ConvexElem has invalid transform
[2019.09.01-07.20.32:205][873]LogPhysics: Warning: ForeachShape(Convex): ScaledElem[0] invalid
[2019.09.01-07.20.32:205][873]LogPhysics: Warning: PopulatePhysXGeometryAndTransform(Convex): ConvexElem has invalid transform
[2019.09.01-07.20.32:205][873]LogPhysics: Warning: ForeachShape(Convex): ScaledElem[0] invalid
[2019.09.01-07.20.32:205][873]LogPhysics: Warning: PopulatePhysXGeometryAndTransform(Convex): ConvexElem has invalid transform
[2019.09.01-07.20.32:206][873]LogPhysics: Warning: ForeachShape(Convex): ScaledElem[0] invalid
[2019.09.01-07.20.32:206][873]LogPhysics: Warning: PopulatePhysXGeometryAndTransform(Convex): ConvexElem has invalid transform
[2019.09.01-07.20.32:206][873]LogPhysics: Warning: ForeachShape(Convex): ScaledElem[0] invalid
[2019.09.01-07.20.32:206][873]LogPhysics: Warning: PopulatePhysXGeometryAndTransform(Convex): ConvexElem has invalid transform
[2019.09.01-07.20.32:206][873]LogPhysics: Warning: ForeachShape(Convex): ScaledElem[0] invalid
[2019.09.01-07.20.32:206][873]LogPhysics: Warning: PopulatePhysXGeometryAndTransform(Convex): ConvexElem has invalid transform
[2019.09.01-07.20.32:206][873]LogPhysics: Warning: ForeachShape(Convex): ScaledElem[0] invalid
[2019.09.01-07.20.32:206][873]LogPhysics: Warning: PopulatePhysXGeometryAndTransform(Convex): ConvexElem has invalid transform
[2019.09.01-07.20.32:206][873]LogPhysics: Warning: ForeachShape(Convex): ScaledElem[0] invalid
[2019.09.01-07.20.32:207][873]LogWorld: Bringing World /Game/ThirdPersonBP/Maps/UEDPIE_0_ThirdPersonExampleMap.ThirdPersonExampleMap up for play (max tick rate 60) at 2019.09.01-17.20.32
[2019.09.01-07.20.32:210][873]LogWorld: Bringing up level for play took: 0.005935
[2019.09.01-07.20.32:227][873]LogContentBrowser: Native class hierarchy updated for 'MovieSceneCapture' in 0.0004 seconds. Added 20 classes and 0 folders.
[2019.09.01-07.20.32:228][873]PIE: Play in editor start time for /Game/ThirdPersonBP/Maps/UEDPIE_0_ThirdPersonExampleMap 0.203
[2019.09.01-07.20.32:313][873]LogBlueprintUserMessages: Late PlayInEditor Detection: Level '/Game/ThirdPersonBP/Maps/ThirdPersonExampleMap.ThirdPersonExampleMap:PersistentLevel' has LevelScriptBlueprint '/Game/ThirdPersonBP/Maps/ThirdPersonExampleMap.ThirdPersonExampleMap:PersistentLevel.ThirdPersonExampleMap' with GeneratedClass '/Game/ThirdPersonBP/Maps/ThirdPersonExampleMap.ThirdPersonExampleMap_C' with ClassGeneratedBy '/Game/ThirdPersonBP/Maps/ThirdPersonExampleMap.ThirdPersonExampleMap:PersistentLevel.ThirdPersonExampleMap'
[2019.09.01-07.20.34:828][ 14]LogEditorViewport: Clicking on Actor (LMB): StaticMeshActor (Wall7)
[2019.09.01-07.20.35:563][ 56]LogSlate: FSceneViewport::OnFocusLost() reason 0
[2019.09.01-07.21.21:556][815]LogBlueprintUserMessages: Early EndPlayMap Detection: Level '/Game/ThirdPersonBP/Maps/ThirdPersonExampleMap.ThirdPersonExampleMap:PersistentLevel' has LevelScriptBlueprint '/Game/ThirdPersonBP/Maps/ThirdPersonExampleMap.ThirdPersonExampleMap:PersistentLevel.ThirdPersonExampleMap' with GeneratedClass '/Game/ThirdPersonBP/Maps/ThirdPersonExampleMap.ThirdPersonExampleMap_C' with ClassGeneratedBy '/Game/ThirdPersonBP/Maps/ThirdPersonExampleMap.ThirdPersonExampleMap:PersistentLevel.ThirdPersonExampleMap'
[2019.09.01-07.21.21:556][815]LogSlate: Updating window title bar state: overlay mode, drag disabled, window buttons hidden, title bar hidden
[2019.09.01-07.21.21:592][815]LogPlayLevel: Display: Shutting down PIE online subsystems
[2019.09.01-07.21.21:592][815]LogBlueprintUserMessages: Late EndPlayMap Detection: Level '/Game/ThirdPersonBP/Maps/ThirdPersonExampleMap.ThirdPersonExampleMap:PersistentLevel' has LevelScriptBlueprint '/Game/ThirdPersonBP/Maps/ThirdPersonExampleMap.ThirdPersonExampleMap:PersistentLevel.ThirdPersonExampleMap' with GeneratedClass '/Game/ThirdPersonBP/Maps/ThirdPersonExampleMap.ThirdPersonExampleMap_C' with ClassGeneratedBy '/Game/ThirdPersonBP/Maps/ThirdPersonExampleMap.ThirdPersonExampleMap:PersistentLevel.ThirdPersonExampleMap'
[2019.09.01-07.21.21:615][815]LogSlate: Updating window title bar state: overlay mode, drag disabled, window buttons hidden, title bar hidden
[2019.09.01-07.21.21:655][817]LogPlayLevel: Display: Destroying online subsystem :Context_5
[2019.09.01-07.21.23:455][924]LogEditorViewport: Clicking on Actor (LMB): ThirdPersonCharacter_C (ThirdPersonCharacter)
[2019.09.01-07.21.27:637][155]LogSlate: FSceneViewport::OnFocusLost() reason 0
[2019.09.01-07.21.44:870][182]LogTemp: Repeating last play command: Simulate
[2019.09.01-07.21.44:885][182]LogBlueprintUserMessages: Early PlayInEditor Detection: Level '/Game/ThirdPersonBP/Maps/ThirdPersonExampleMap.ThirdPersonExampleMap:PersistentLevel' has LevelScriptBlueprint '/Game/ThirdPersonBP/Maps/ThirdPersonExampleMap.ThirdPersonExampleMap:PersistentLevel.ThirdPersonExampleMap' with GeneratedClass '/Game/ThirdPersonBP/Maps/ThirdPersonExampleMap.ThirdPersonExampleMap_C' with ClassGeneratedBy '/Game/ThirdPersonBP/Maps/ThirdPersonExampleMap.ThirdPersonExampleMap:PersistentLevel.ThirdPersonExampleMap'
[2019.09.01-07.21.44:885][182]LogPlayLevel: PlayLevel: No blueprints needed recompiling
[2019.09.01-07.21.44:886][182]PIE: New page: SIE session: ThirdPersonExampleMap (Sep 2, 2019, 3:21:44 AM)
[2019.09.01-07.21.44:886][182]LogPlayLevel: Creating play world package: /Game/ThirdPersonBP/Maps/UEDPIE_0_ThirdPersonExampleMap
[2019.09.01-07.21.44:906][182]LogPlayLevel: PIE: StaticDuplicateObject took: (0.020441s)
[2019.09.01-07.21.44:907][182]LogAIModule: Creating AISystem for world ThirdPersonExampleMap
[2019.09.01-07.21.44:907][182]LogPlayLevel: PIE: World Init took: (0.000598s)
[2019.09.01-07.21.44:907][182]LogPlayLevel: PIE: Created PIE world by copying editor world from /Game/ThirdPersonBP/Maps/ThirdPersonExampleMap.ThirdPersonExampleMap to /Game/ThirdPersonBP/Maps/UEDPIE_0_ThirdPersonExampleMap.ThirdPersonExampleMap (0.021194s)
[2019.09.01-07.21.44:966][182]LogInit: XAudio2 using 'Speakers (Realtek(R) Audio)' : 2 channels at 44.1 kHz using 16 bits per sample (channel mask 0x3)
[2019.09.01-07.21.44:983][182]LogInit: FAudioDevice initialized.
[2019.09.01-07.21.45:016][182]LogLoad: Game class is 'ThirdPersonGameMode_C'
[2019.09.01-07.21.45:019][182]LogPhysics: Warning: PopulatePhysXGeometryAndTransform(Convex): ConvexElem has invalid transform
[2019.09.01-07.21.45:019][182]LogPhysics: Warning: ForeachShape(Convex): ScaledElem[0] invalid
[2019.09.01-07.21.45:019][182]LogPhysics: Warning: PopulatePhysXGeometryAndTransform(Convex): ConvexElem has invalid transform
[2019.09.01-07.21.45:019][182]LogPhysics: Warning: ForeachShape(Convex): ScaledElem[0] invalid
[2019.09.01-07.21.45:019][182]LogPhysics: Warning: PopulatePhysXGeometryAndTransform(Convex): ConvexElem has invalid transform
[2019.09.01-07.21.45:019][182]LogPhysics: Warning: ForeachShape(Convex): ScaledElem[0] invalid
[2019.09.01-07.21.45:019][182]LogPhysics: Warning: PopulatePhysXGeometryAndTransform(Convex): ConvexElem has invalid transform
[2019.09.01-07.21.45:019][182]LogPhysics: Warning: ForeachShape(Convex): ScaledElem[0] invalid
[2019.09.01-07.21.45:019][182]LogPhysics: Warning: PopulatePhysXGeometryAndTransform(Convex): ConvexElem has invalid transform
[2019.09.01-07.21.45:019][182]LogPhysics: Warning: ForeachShape(Convex): ScaledElem[0] invalid
[2019.09.01-07.21.45:019][182]LogPhysics: Warning: PopulatePhysXGeometryAndTransform(Convex): ConvexElem has invalid transform
[2019.09.01-07.21.45:019][182]LogPhysics: Warning: ForeachShape(Convex): ScaledElem[0] invalid
[2019.09.01-07.21.45:019][182]LogPhysics: Warning: PopulatePhysXGeometryAndTransform(Convex): ConvexElem has invalid transform
[2019.09.01-07.21.45:019][182]LogPhysics: Warning: ForeachShape(Convex): ScaledElem[0] invalid
[2019.09.01-07.21.45:019][182]LogPhysics: Warning: PopulatePhysXGeometryAndTransform(Convex): ConvexElem has invalid transform
[2019.09.01-07.21.45:019][182]LogPhysics: Warning: ForeachShape(Convex): ScaledElem[0] invalid
[2019.09.01-07.21.45:019][182]LogPhysics: Warning: PopulatePhysXGeometryAndTransform(Convex): ConvexElem has invalid transform
[2019.09.01-07.21.45:019][182]LogPhysics: Warning: ForeachShape(Convex): ScaledElem[0] invalid
[2019.09.01-07.21.45:021][182]LogWorld: Bringing World /Game/ThirdPersonBP/Maps/UEDPIE_0_ThirdPersonExampleMap.ThirdPersonExampleMap up for play (max tick rate 60) at 2019.09.01-17.21.45
[2019.09.01-07.21.45:022][182]LogWorld: Bringing up level for play took: 0.004566
[2019.09.01-07.21.45:035][182]PIE: Play in editor start time for /Game/ThirdPersonBP/Maps/UEDPIE_0_ThirdPersonExampleMap 1.01
[2019.09.01-07.21.45:138][182]LogBlueprintUserMessages: Late PlayInEditor Detection: Level '/Game/ThirdPersonBP/Maps/ThirdPersonExampleMap.ThirdPersonExampleMap:PersistentLevel' has LevelScriptBlueprint '/Game/ThirdPersonBP/Maps/ThirdPersonExampleMap.ThirdPersonExampleMap:PersistentLevel.ThirdPersonExampleMap' with GeneratedClass '/Game/ThirdPersonBP/Maps/ThirdPersonExampleMap.ThirdPersonExampleMap_C' with ClassGeneratedBy '/Game/ThirdPersonBP/Maps/ThirdPersonExampleMap.ThirdPersonExampleMap:PersistentLevel.ThirdPersonExampleMap'
[2019.09.01-07.21.55:010][768]LogBlueprintUserMessages: Early EndPlayMap Detection: Level '/Game/ThirdPersonBP/Maps/ThirdPersonExampleMap.ThirdPersonExampleMap:PersistentLevel' has LevelScriptBlueprint '/Game/ThirdPersonBP/Maps/ThirdPersonExampleMap.ThirdPersonExampleMap:PersistentLevel.ThirdPersonExampleMap' with GeneratedClass '/Game/ThirdPersonBP/Maps/ThirdPersonExampleMap.ThirdPersonExampleMap_C' with ClassGeneratedBy '/Game/ThirdPersonBP/Maps/ThirdPersonExampleMap.ThirdPersonExampleMap:PersistentLevel.ThirdPersonExampleMap'
[2019.09.01-07.21.55:010][768]LogSlate: Updating window title bar state: overlay mode, drag disabled, window buttons hidden, title bar hidden
[2019.09.01-07.21.55:052][768]LogPlayLevel: Display: Shutting down PIE online subsystems
[2019.09.01-07.21.55:052][768]LogBlueprintUserMessages: Late EndPlayMap Detection: Level '/Game/ThirdPersonBP/Maps/ThirdPersonExampleMap.ThirdPersonExampleMap:PersistentLevel' has LevelScriptBlueprint '/Game/ThirdPersonBP/Maps/ThirdPersonExampleMap.ThirdPersonExampleMap:PersistentLevel.ThirdPersonExampleMap' with GeneratedClass '/Game/ThirdPersonBP/Maps/ThirdPersonExampleMap.ThirdPersonExampleMap_C' with ClassGeneratedBy '/Game/ThirdPersonBP/Maps/ThirdPersonExampleMap.ThirdPersonExampleMap:PersistentLevel.ThirdPersonExampleMap'
[2019.09.01-07.21.55:076][768]LogSlate: Updating window title bar state: overlay mode, drag disabled, window buttons hidden, title bar hidden
[2019.09.01-07.21.55:122][771]LogPlayLevel: Display: Destroying online subsystem :Context_6
[2019.09.01-07.21.56:757][866]LogEditorViewport: Clicking on Actor (LMB): ThirdPersonCharacter_C (ThirdPersonCharacter)
[2019.09.01-07.21.58:207][944]LogSlate: FSceneViewport::OnFocusLost() reason 0
[2019.09.01-07.22.07:561][504]LogTemp: Repeating last play command: Simulate
[2019.09.01-07.22.07:577][504]LogBlueprintUserMessages: Early PlayInEditor Detection: Level '/Game/ThirdPersonBP/Maps/ThirdPersonExampleMap.ThirdPersonExampleMap:PersistentLevel' has LevelScriptBlueprint '/Game/ThirdPersonBP/Maps/ThirdPersonExampleMap.ThirdPersonExampleMap:PersistentLevel.ThirdPersonExampleMap' with GeneratedClass '/Game/ThirdPersonBP/Maps/ThirdPersonExampleMap.ThirdPersonExampleMap_C' with ClassGeneratedBy '/Game/ThirdPersonBP/Maps/ThirdPersonExampleMap.ThirdPersonExampleMap:PersistentLevel.ThirdPersonExampleMap'
[2019.09.01-07.22.07:577][504]LogPlayLevel: PlayLevel: No blueprints needed recompiling
[2019.09.01-07.22.07:577][504]PIE: New page: SIE session: ThirdPersonExampleMap (Sep 2, 2019, 3:22:07 AM)
[2019.09.01-07.22.07:577][504]LogPlayLevel: Creating play world package: /Game/ThirdPersonBP/Maps/UEDPIE_0_ThirdPersonExampleMap
[2019.09.01-07.22.07:598][504]LogPlayLevel: PIE: StaticDuplicateObject took: (0.020283s)
[2019.09.01-07.22.07:598][504]LogAIModule: Creating AISystem for world ThirdPersonExampleMap
[2019.09.01-07.22.07:599][504]LogPlayLevel: PIE: World Init took: (0.000723s)
[2019.09.01-07.22.07:599][504]LogPlayLevel: PIE: Created PIE world by copying editor world from /Game/ThirdPersonBP/Maps/ThirdPersonExampleMap.ThirdPersonExampleMap to /Game/ThirdPersonBP/Maps/UEDPIE_0_ThirdPersonExampleMap.ThirdPersonExampleMap (0.021152s)
[2019.09.01-07.22.07:699][504]LogInit: XAudio2 using 'Speakers (Realtek(R) Audio)' : 2 channels at 44.1 kHz using 16 bits per sample (channel mask 0x3)
[2019.09.01-07.22.07:721][504]LogInit: FAudioDevice initialized.
[2019.09.01-07.22.07:760][504]LogLoad: Game class is 'ThirdPersonGameMode_C'
[2019.09.01-07.22.07:768][504]LogPhysics: Warning: PopulatePhysXGeometryAndTransform(Convex): ConvexElem has invalid transform
[2019.09.01-07.22.07:768][504]LogPhysics: Warning: ForeachShape(Convex): ScaledElem[0] invalid
[2019.09.01-07.22.07:769][504]LogPhysics: Warning: PopulatePhysXGeometryAndTransform(Convex): ConvexElem has invalid transform
[2019.09.01-07.22.07:769][504]LogPhysics: Warning: ForeachShape(Convex): ScaledElem[0] invalid
[2019.09.01-07.22.07:769][504]LogPhysics: Warning: PopulatePhysXGeometryAndTransform(Convex): ConvexElem has invalid transform
[2019.09.01-07.22.07:769][504]LogPhysics: Warning: ForeachShape(Convex): ScaledElem[0] invalid
[2019.09.01-07.22.07:769][504]LogPhysics: Warning: PopulatePhysXGeometryAndTransform(Convex): ConvexElem has invalid transform
[2019.09.01-07.22.07:769][504]LogPhysics: Warning: ForeachShape(Convex): ScaledElem[0] invalid
[2019.09.01-07.22.07:769][504]LogPhysics: Warning: PopulatePhysXGeometryAndTransform(Convex): ConvexElem has invalid transform
[2019.09.01-07.22.07:769][504]LogPhysics: Warning: ForeachShape(Convex): ScaledElem[0] invalid
[2019.09.01-07.22.07:769][504]LogPhysics: Warning: PopulatePhysXGeometryAndTransform(Convex): ConvexElem has invalid transform
[2019.09.01-07.22.07:769][504]LogPhysics: Warning: ForeachShape(Convex): ScaledElem[0] invalid
[2019.09.01-07.22.07:770][504]LogPhysics: Warning: PopulatePhysXGeometryAndTransform(Convex): ConvexElem has invalid transform
[2019.09.01-07.22.07:770][504]LogPhysics: Warning: ForeachShape(Convex): ScaledElem[0] invalid
[2019.09.01-07.22.07:770][504]LogPhysics: Warning: PopulatePhysXGeometryAndTransform(Convex): ConvexElem has invalid transform
[2019.09.01-07.22.07:770][504]LogPhysics: Warning: ForeachShape(Convex): ScaledElem[0] invalid
[2019.09.01-07.22.07:770][504]LogPhysics: Warning: PopulatePhysXGeometryAndTransform(Convex): ConvexElem has invalid transform
[2019.09.01-07.22.07:770][504]LogPhysics: Warning: ForeachShape(Convex): ScaledElem[0] invalid
[2019.09.01-07.22.07:777][504]LogWorld: Bringing World /Game/ThirdPersonBP/Maps/UEDPIE_0_ThirdPersonExampleMap.ThirdPersonExampleMap up for play (max tick rate 60) at 2019.09.01-17.22.07
[2019.09.01-07.22.07:781][504]LogWorld: Bringing up level for play took: 0.018195
[2019.09.01-07.22.07:798][504]PIE: Play in editor start time for /Game/ThirdPersonBP/Maps/UEDPIE_0_ThirdPersonExampleMap -0.226
[2019.09.01-07.22.07:903][504]LogBlueprintUserMessages: Late PlayInEditor Detection: Level '/Game/ThirdPersonBP/Maps/ThirdPersonExampleMap.ThirdPersonExampleMap:PersistentLevel' has LevelScriptBlueprint '/Game/ThirdPersonBP/Maps/ThirdPersonExampleMap.ThirdPersonExampleMap:PersistentLevel.ThirdPersonExampleMap' with GeneratedClass '/Game/ThirdPersonBP/Maps/ThirdPersonExampleMap.ThirdPersonExampleMap_C' with ClassGeneratedBy '/Game/ThirdPersonBP/Maps/ThirdPersonExampleMap.ThirdPersonExampleMap:PersistentLevel.ThirdPersonExampleMap'
[2019.09.01-07.22.17:276][ 59]LogBlueprintUserMessages: Early EndPlayMap Detection: Level '/Game/ThirdPersonBP/Maps/ThirdPersonExampleMap.ThirdPersonExampleMap:PersistentLevel' has LevelScriptBlueprint '/Game/ThirdPersonBP/Maps/ThirdPersonExampleMap.ThirdPersonExampleMap:PersistentLevel.ThirdPersonExampleMap' with GeneratedClass '/Game/ThirdPersonBP/Maps/ThirdPersonExampleMap.ThirdPersonExampleMap_C' with ClassGeneratedBy '/Game/ThirdPersonBP/Maps/ThirdPersonExampleMap.ThirdPersonExampleMap:PersistentLevel.ThirdPersonExampleMap'
[2019.09.01-07.22.17:276][ 59]LogSlate: Updating window title bar state: overlay mode, drag disabled, window buttons hidden, title bar hidden
[2019.09.01-07.22.17:315][ 59]LogPlayLevel: Display: Shutting down PIE online subsystems
[2019.09.01-07.22.17:316][ 59]LogBlueprintUserMessages: Late EndPlayMap Detection: Level '/Game/ThirdPersonBP/Maps/ThirdPersonExampleMap.ThirdPersonExampleMap:PersistentLevel' has LevelScriptBlueprint '/Game/ThirdPersonBP/Maps/ThirdPersonExampleMap.ThirdPersonExampleMap:PersistentLevel.ThirdPersonExampleMap' with GeneratedClass '/Game/ThirdPersonBP/Maps/ThirdPersonExampleMap.ThirdPersonExampleMap_C' with ClassGeneratedBy '/Game/ThirdPersonBP/Maps/ThirdPersonExampleMap.ThirdPersonExampleMap:PersistentLevel.ThirdPersonExampleMap'
[2019.09.01-07.22.17:339][ 59]LogSlate: Updating window title bar state: overlay mode, drag disabled, window buttons hidden, title bar hidden
[2019.09.01-07.22.17:399][ 61]LogPlayLevel: Display: Destroying online subsystem :Context_7
[2019.09.01-07.22.20:048][219]LogSlate: FSceneViewport::OnFocusLost() reason 2
[2019.09.01-07.22.30:397][838]LogSlate: Took 0.000326 seconds to synchronously load lazily loaded font '../../../Engine/Content/Slate/Fonts/Roboto-Light.ttf' (167K)
[2019.09.01-07.22.30:400][838]LogSlate: FSceneViewport::OnFocusLost() reason 2
[2019.09.01-07.22.30:732][838]LogSavePackage: Moving '../../../../../../Users/Arshh Vinayak/Documents/GitHub/Solemn-Silence/SolemnSilenceAlpha/Saved/ThirdPersonExampleMap5DF6074A4DC73AAEB0B03E827230F186.tmp' to '../../../../../../Users/Arshh Vinayak/Documents/GitHub/Solemn-Silence/SolemnSilenceAlpha/Content/ThirdPersonBP/Maps/ThirdPersonExampleMap.umap'
[2019.09.01-07.22.30:771][838]LogFileHelpers: Saving map 'ThirdPersonExampleMap' took 0.350
